#
# A fatal error has been detected by the Java Runtime Environment:
#
#  EXCEPTION_ACCESS_VIOLATION (0xc0000005) at pc=0x00007ffb0ef0e0a9, pid=7740, tid=11320
#
# JRE version: OpenJDK Runtime Environment Microsoft-8035246 (17.0.8+7) (build 17.0.8+7-LTS)
# Java VM: OpenJDK 64-Bit Server VM Microsoft-8035246 (17.0.8+7-LTS, mixed mode, sharing, tiered, compressed oops, compressed class ptrs, g1 gc, windows-amd64)
# Problematic frame:
# V  [jvm.dll+0x2be0a9]
#
# No core dump will be written. Minidumps are not enabled by default on client versions of Windows
#
# If you would like to submit a bug report, please visit:
#   https://github.com/microsoft/openjdk/issues
#

---------------  S U M M A R Y ------------

Command Line: -XX:MaxMetaspaceSize=512m --add-opens=java.base/java.util=ALL-UNNAMED --add-opens=java.base/java.lang=ALL-UNNAMED --add-opens=java.base/java.lang.invoke=ALL-UNNAMED --add-opens=java.prefs/java.util.prefs=ALL-UNNAMED --add-opens=java.base/java.nio.charset=ALL-UNNAMED --add-opens=java.base/java.net=ALL-UNNAMED --add-opens=java.base/java.util.concurrent.atomic=ALL-UNNAMED -Xmx2048m -Dfile.encoding=windows-1254 -Duser.country=TR -Duser.language=tr -Duser.variant -javaagent:C:\Users\sbast\.gradle\wrapper\dists\gradle-8.3-all\6en3ugtfdg5xnpx44z4qbwgas\gradle-8.3\lib\agents\gradle-instrumentation-agent-8.3.jar org.gradle.launcher.daemon.bootstrap.GradleDaemon 8.3

Host: AMD A10-9600P RADEON R5, 10 COMPUTE CORES 4C+6G, 4 cores, 6G,  Windows 10 , 64 bit Build 19041 (10.0.19041.3636)
Time: Mon Dec 11 19:35:58 2023 Türkiye Standart Saati elapsed time: 171.424063 seconds (0d 0h 2m 51s)

---------------  T H R E A D  ---------------

Current thread (0x0000021bf12dcf80):  JavaThread "C2 CompilerThread0" daemon [_thread_in_native, id=11320, stack(0x000000399d700000,0x000000399d800000)]


Current CompileTask:
C2: 171424 14519   !   4       org.gradle.cache.internal.DefaultMultiProcessSafeIndexedCache::getIfPresent (25 bytes)

Stack: [0x000000399d700000,0x000000399d800000],  sp=0x000000399d7fb3c0,  free space=1004k
Native frames: (J=compiled Java code, j=interpreted, Vv=VM code, C=native code)
V  [jvm.dll+0x2be0a9]
V  [jvm.dll+0x21ba8b]
V  [jvm.dll+0x21944b]
V  [jvm.dll+0x1a56b6]
V  [jvm.dll+0x2291ea]
V  [jvm.dll+0x22724c]
V  [jvm.dll+0x7efd0c]
V  [jvm.dll+0x7ea13a]
V  [jvm.dll+0x67ad85]
C  [ucrtbase.dll+0x21bb2]
C  [KERNEL32.DLL+0x17344]
C  [ntdll.dll+0x526b1]


siginfo: EXCEPTION_ACCESS_VIOLATION (0xc0000005), reading address 0x0000000000000028


Register to memory mapping:

RIP=0x00007ffb0ef0e0a9 jvm.dll
RAX=0x0000021ba0bd0780 points into unknown readable memory: 0x0000000000000000 | 00 00 00 00 00 00 00 00
RBX=0x00000000000017da is an unknown value
RCX=0x0000021ba0be0780 points into unknown readable memory: 0x0000000000000000 | 00 00 00 00 00 00 00 00
RDX=0x0 is NULL
RSP=0x000000399d7fb3c0 is pointing into the stack for thread: 0x0000021bf12dcf80
RBP=0x000000399d7fb430 is pointing into the stack for thread: 0x0000021bf12dcf80
RSI=0x0 is NULL
RDI=0x0000000000000048 is an unknown value
R8 =0x0 is NULL
R9 =0x0 is NULL
R10=0x00007ffb60990000 VCRUNTIME140.dll
R11=0x0000021ba0bd07a0 points into unknown readable memory: 0x0000000000000000 | 00 00 00 00 00 00 00 00
R12=0x0000000000000050 is an unknown value
R13=0x0 is NULL
R14=0x0 is NULL
R15=0x000000399d7fe5e0 is pointing into the stack for thread: 0x0000021bf12dcf80


Registers:
RAX=0x0000021ba0bd0780, RBX=0x00000000000017da, RCX=0x0000021ba0be0780, RDX=0x0000000000000000
RSP=0x000000399d7fb3c0, RBP=0x000000399d7fb430, RSI=0x0000000000000000, RDI=0x0000000000000048
R8 =0x0000000000000000, R9 =0x0000000000000000, R10=0x00007ffb60990000, R11=0x0000021ba0bd07a0
R12=0x0000000000000050, R13=0x0000000000000000, R14=0x0000000000000000, R15=0x000000399d7fe5e0
RIP=0x00007ffb0ef0e0a9, EFLAGS=0x0000000000010246

Top of Stack: (sp=0x000000399d7fb3c0)
0x000000399d7fb3c0:   00000000000017da 0000000000000000
0x000000399d7fb3d0:   000000399d7fe5e0 00007ffb0ee738d1
0x000000399d7fb3e0:   0000021bf12c7c70 00007ffb00002000
0x000000399d7fb3f0:   0000021ba0bd0780 0000021b00000000
0x000000399d7fb400:   0000021b00000002 0000021ba0f20330
0x000000399d7fb410:   0000000000000002 0000021bf12c7c70
0x000000399d7fb420:   0000000000000000 0000000000000000
0x000000399d7fb430:   0000021bd1632d40 0000021bd17cb9f0
0x000000399d7fb440:   0000000000000048 00007ffb0f594c08
0x000000399d7fb450:   000000399d7fb560 00007ffb0ee6ba8b
0x000000399d7fb460:   000000399d7fe5e0 00007ffb0f594c08
0x000000399d7fb470:   000000399d7fe5e0 000000399d7fb560
0x000000399d7fb480:   0000021b00000000 00007ffb0f26b7fb
0x000000399d7fb490:   000000390000000f 000000399d7fe5e0
0x000000399d7fb4a0:   000000399d7fb610 0000000000000000
0x000000399d7fb4b0:   0000021b00000100 00007ffb0f594c08 

Instructions: (pc=0x00007ffb0ef0e0a9)
0x00007ffb0ef0dfa9:   3b d0 75 0b ff c1 41 3b c9 7c dc 48 8b c2 c3 33
0x00007ffb0ef0dfb9:   c0 c3 cc cc cc cc cc 48 89 5c 24 18 55 56 57 41
0x00007ffb0ef0dfc9:   55 41 57 48 8b ec 48 83 ec 70 65 48 8b 04 25 58
0x00007ffb0ef0dfd9:   00 00 00 48 8b f2 44 8b 05 d2 8b 90 00 4c 8b f9
0x00007ffb0ef0dfe9:   4a 8b 1c c0 b8 50 00 00 00 80 3c 18 00 75 05 e8
0x00007ffb0ef0dff9:   8b 6f 5d 00 b8 20 00 00 00 48 8b 04 18 48 8b 98
0x00007ffb0ef0e009:   38 02 00 00 48 89 5d b0 c7 45 b8 04 00 00 00 48
0x00007ffb0ef0e019:   8b 43 18 48 83 f8 df 76 18 4c 8d 05 37 a9 65 00
0x00007ffb0ef0e029:   ba 20 00 00 00 48 8b cb e8 5a eb de ff 48 8b 43
0x00007ffb0ef0e039:   18 48 8d 48 20 48 3b 4b 20 76 11 45 33 c0 48 8b
0x00007ffb0ef0e049:   cb 41 8d 50 20 e8 fd e8 de ff eb 04 48 89 4b 18
0x00007ffb0ef0e059:   44 8b 45 b8 33 d2 49 c1 e0 03 48 8b c8 48 89 45
0x00007ffb0ef0e069:   c0 e8 e3 80 5d 00 45 33 ed 48 8d 4d d0 44 89 6d
0x00007ffb0ef0e079:   c8 e8 01 59 56 00 41 8b 9f 40 02 00 00 41 2b 9f
0x00007ffb0ef0e089:   68 02 00 00 44 89 6d f0 3b 5d b8 72 0b 8b d3 48
0x00007ffb0ef0e099:   8d 4d b0 e8 6f b3 39 00 48 8b 45 c0 4c 89 2c d8
0x00007ffb0ef0e0a9:   8b 7e 28 8b df c1 eb 05 3b 5d d0 72 0b 8b d3 48
0x00007ffb0ef0e0b9:   8d 4d d0 e8 1f 59 56 00 48 8b 45 d8 83 e7 1f 48
0x00007ffb0ef0e0c9:   8d 14 98 40 0f b6 cf 41 b8 01 00 00 00 41 d3 e0
0x00007ffb0ef0e0d9:   8b 0a 8b c1 41 0b c0 89 02 41 85 c8 75 21 8b 5d
0x00007ffb0ef0e0e9:   c8 8d 43 01 89 45 c8 3b 5d b8 72 0b 8b d3 48 8d
0x00007ffb0ef0e0f9:   4d b0 e8 10 b3 39 00 48 8b 45 c0 48 89 34 d8 44
0x00007ffb0ef0e109:   39 6d c8 0f 86 77 01 00 00 4c 89 a4 24 a0 00 00
0x00007ffb0ef0e119:   00 4c 89 b4 24 a8 00 00 00 48 8b 45 c0 41 8b cd
0x00007ffb0ef0e129:   48 8b 34 c8 8b 46 2c 25 ff 1f 00 00 3d 04 10 00
0x00007ffb0ef0e139:   00 0f 85 a7 00 00 00 bb 01 00 00 00 39 5e 18 76
0x00007ffb0ef0e149:   39 66 0f 1f 44 00 00 48 8b 46 08 8b cb 48 8b 14
0x00007ffb0ef0e159:   c8 48 85 d2 74 1d 48 83 7a 10 00 74 16 80 7a 2c
0x00007ffb0ef0e169:   84 74 10 e8 7f 7e ee ff 48 8b d0 49 8b cf e8 a4
0x00007ffb0ef0e179:   61 f6 ff ff c3 3b 5e 18 72 cd 48 8b 5e 10 8b 46
0x00007ffb0ef0e189:   20 4c 8d 34 c3 49 3b de 73 54 48 8b 3b 8b 47 2c
0x00007ffb0ef0e199:   83 e0 03 3c 03 75 2e 48 8b 07 48 8b cf ff 90 88 


Stack slot to memory mapping:
stack at sp + 0 slots: 0x00000000000017da is an unknown value
stack at sp + 1 slots: 0x0 is NULL
stack at sp + 2 slots: 0x000000399d7fe5e0 is pointing into the stack for thread: 0x0000021bf12dcf80
stack at sp + 3 slots: 0x00007ffb0ee738d1 jvm.dll
stack at sp + 4 slots: 0x0000021bf12c7c70 points into unknown readable memory: 0x0000021b00000006 | 06 00 00 00 1b 02 00 00
stack at sp + 5 slots: 0x00007ffb00002000 is an unknown value
stack at sp + 6 slots: 0x0000021ba0bd0780 points into unknown readable memory: 0x0000000000000000 | 00 00 00 00 00 00 00 00
stack at sp + 7 slots: 0x0000021b00000000 is an unknown value


---------------  P R O C E S S  ---------------

Threads class SMR info:
_java_thread_list=0x0000021b9fde97c0, length=92, elements={
0x0000021bd17b4010, 0x0000021bf12b3eb0, 0x0000021bf12b4d30, 0x0000021bf12cd720,
0x0000021bf12d03c0, 0x0000021bf12d1d90, 0x0000021bf12d3490, 0x0000021bf12dcf80,
0x0000021bf12e9990, 0x0000021bf12f3eb0, 0x0000021bf129ed20, 0x0000021bf158de30,
0x0000021bf7455880, 0x0000021bf161d240, 0x0000021bf72c4630, 0x0000021bf70b8020,
0x0000021bf6769810, 0x0000021bf77ace50, 0x0000021bf17d8d80, 0x0000021bf7424e60,
0x0000021bf7423f30, 0x0000021bf7425370, 0x0000021bf7424440, 0x0000021bf7424950,
0x0000021bf8db8830, 0x0000021bf8db8d40, 0x0000021bf8db9250, 0x0000021bf8dbc4f0,
0x0000021bf8dbe860, 0x0000021bf8dba180, 0x0000021bf8dbb5c0, 0x0000021bf8dbcf10,
0x0000021bf8db9c70, 0x0000021bf8dbca00, 0x0000021bf8db9760, 0x0000021bf8dbaba0,
0x0000021bf8db7900, 0x0000021bf8dbb0b0, 0x0000021bf8dbbad0, 0x0000021bf8dbbfe0,
0x0000021bf8db7e10, 0x0000021bf8dbe350, 0x0000021bf8dbd420, 0x0000021bf8db8320,
0x0000021bf8dbd930, 0x0000021bf8dbed70, 0x0000021bf95b4040, 0x0000021bf95b4a60,
0x0000021bf95b5480, 0x0000021bf95b2c00, 0x0000021bf95b0890, 0x0000021bf95b3620,
0x0000021bf95afe70, 0x0000021bf95af450, 0x0000021bf95b21e0, 0x0000021bf95af960,
0x0000021bf95b26f0, 0x0000021bf95b5990, 0x0000021bf95b5ea0, 0x0000021bf95b3110,
0x0000021bf95b0380, 0x0000021bf95b3b30, 0x0000021bf95b4f70, 0x0000021bf95b0da0,
0x0000021bf95b63b0, 0x0000021bf7e36a10, 0x0000021bf7e32d50, 0x0000021bf7e33770,
0x0000021bf7e36500, 0x0000021bf7e34bb0, 0x0000021bf7e35ff0, 0x0000021bf7e2ffc0,
0x0000021bf7e37430, 0x0000021bf7e37940, 0x0000021bf7e32840, 0x0000021bf7e33260,
0x0000021bf7e31400, 0x0000021bf7e31910, 0x0000021bf7e31e20, 0x0000021bf95b17c0,
0x0000021bf95aef40, 0x0000021bf95b1cd0, 0x0000021bf95b4550, 0x0000021ba03f6d10,
0x0000021ba03f49a0, 0x0000021ba03fa4c0, 0x0000021ba03f62f0, 0x0000021ba03f53c0,
0x0000021ba03f6800, 0x0000021ba03f3a70, 0x0000021ba03f3050, 0x0000021bfb6a76e0
}

Java Threads: ( => current thread )
  0x0000021bd17b4010 JavaThread "main" [_thread_blocked, id=11268, stack(0x000000399ca00000,0x000000399cb00000)]
  0x0000021bf12b3eb0 JavaThread "Reference Handler" daemon [_thread_blocked, id=11296, stack(0x000000399d100000,0x000000399d200000)]
  0x0000021bf12b4d30 JavaThread "Finalizer" daemon [_thread_blocked, id=11300, stack(0x000000399d200000,0x000000399d300000)]
  0x0000021bf12cd720 JavaThread "Signal Dispatcher" daemon [_thread_blocked, id=11304, stack(0x000000399d300000,0x000000399d400000)]
  0x0000021bf12d03c0 JavaThread "Attach Listener" daemon [_thread_blocked, id=11308, stack(0x000000399d400000,0x000000399d500000)]
  0x0000021bf12d1d90 JavaThread "Service Thread" daemon [_thread_blocked, id=11312, stack(0x000000399d500000,0x000000399d600000)]
  0x0000021bf12d3490 JavaThread "Monitor Deflation Thread" daemon [_thread_blocked, id=11316, stack(0x000000399d600000,0x000000399d700000)]
=>0x0000021bf12dcf80 JavaThread "C2 CompilerThread0" daemon [_thread_in_native, id=11320, stack(0x000000399d700000,0x000000399d800000)]
  0x0000021bf12e9990 JavaThread "C1 CompilerThread0" daemon [_thread_blocked, id=11324, stack(0x000000399d800000,0x000000399d900000)]
  0x0000021bf12f3eb0 JavaThread "Sweeper thread" daemon [_thread_blocked, id=11328, stack(0x000000399d900000,0x000000399da00000)]
  0x0000021bf129ed20 JavaThread "Common-Cleaner" daemon [_thread_blocked, id=11332, stack(0x000000399da00000,0x000000399db00000)]
  0x0000021bf158de30 JavaThread "Notification Thread" daemon [_thread_blocked, id=11336, stack(0x000000399db00000,0x000000399dc00000)]
  0x0000021bf7455880 JavaThread "Daemon health stats" [_thread_blocked, id=11500, stack(0x000000399e000000,0x000000399e100000)]
  0x0000021bf161d240 JavaThread "Incoming local TCP Connector on port 51201" [_thread_in_native, id=11636, stack(0x000000399e100000,0x000000399e200000)]
  0x0000021bf72c4630 JavaThread "Daemon periodic checks" [_thread_blocked, id=11640, stack(0x000000399e200000,0x000000399e300000)]
  0x0000021bf70b8020 JavaThread "Daemon" [_thread_blocked, id=11648, stack(0x000000399e300000,0x000000399e400000)]
  0x0000021bf6769810 JavaThread "Handler for socket connection from /127.0.0.1:51201 to /127.0.0.1:51202" [_thread_in_native, id=11652, stack(0x000000399e400000,0x000000399e500000)]
  0x0000021bf77ace50 JavaThread "Cancel handler" [_thread_blocked, id=11656, stack(0x000000399e500000,0x000000399e600000)]
  0x0000021bf17d8d80 JavaThread "Daemon worker" [_thread_blocked, id=11660, stack(0x000000399e600000,0x000000399e700000)]
  0x0000021bf7424e60 JavaThread "Asynchronous log dispatcher for DefaultDaemonConnection: socket connection from /127.0.0.1:51201 to /127.0.0.1:51202" [_thread_blocked, id=11672, stack(0x000000399e700000,0x000000399e800000)]
  0x0000021bf7423f30 JavaThread "Stdin handler" [_thread_blocked, id=11676, stack(0x000000399e800000,0x000000399e900000)]
  0x0000021bf7425370 JavaThread "Daemon client event forwarder" [_thread_blocked, id=11680, stack(0x000000399e900000,0x000000399ea00000)]
  0x0000021bf7424440 JavaThread "Cache worker for journal cache (C:\Users\sbast\.gradle\caches\journal-1)" [_thread_blocked, id=11692, stack(0x000000399ea00000,0x000000399eb00000)]
  0x0000021bf7424950 JavaThread "File lock request listener" [_thread_in_native, id=11700, stack(0x000000399eb00000,0x000000399ec00000)]
  0x0000021bf8db8830 JavaThread "Cache worker for file hash cache (C:\Users\sbast\.gradle\caches\8.3\fileHashes)" [_thread_blocked, id=11708, stack(0x000000399ec00000,0x000000399ed00000)]
  0x0000021bf8db8d40 JavaThread "File watcher server" daemon [_thread_in_native, id=11736, stack(0x000000399ed00000,0x000000399ee00000)]
  0x0000021bf8db9250 JavaThread "File watcher consumer" daemon [_thread_blocked, id=11740, stack(0x000000399ee00000,0x000000399ef00000)]
  0x0000021bf8dbc4f0 JavaThread "Cache worker for checksums cache (C:\Users\sbast\Desktop\reactNative\Tarifka\android\.gradle\8.3\checksums)" [_thread_blocked, id=11752, stack(0x000000399ef00000,0x000000399f000000)]
  0x0000021bf8dbe860 JavaThread "Cache worker for file hash cache (C:\Users\sbast\Desktop\reactNative\Tarifka\android\.gradle\8.3\fileHashes)" [_thread_blocked, id=11756, stack(0x000000399f000000,0x000000399f100000)]
  0x0000021bf8dba180 JavaThread "Cache worker for cache directory md-supplier (C:\Users\sbast\.gradle\caches\8.3\md-supplier)" [_thread_blocked, id=11760, stack(0x000000399f100000,0x000000399f200000)]
  0x0000021bf8dbb5c0 JavaThread "Cache worker for file content cache (C:\Users\sbast\.gradle\caches\8.3\fileContent)" [_thread_blocked, id=11768, stack(0x000000399f300000,0x000000399f400000)]
  0x0000021bf8dbcf10 JavaThread "Cache worker for cache directory md-rule (C:\Users\sbast\.gradle\caches\8.3\md-rule)" [_thread_blocked, id=11772, stack(0x000000399f400000,0x000000399f500000)]
  0x0000021bf8db9c70 JavaThread "Cache worker for execution history cache (C:\Users\sbast\.gradle\caches\8.3\executionHistory)" [_thread_in_native, id=11776, stack(0x000000399f500000,0x000000399f600000)]
  0x0000021bf8dbca00 JavaThread "jar transforms" [_thread_blocked, id=11792, stack(0x000000399f600000,0x000000399f700000)]
  0x0000021bf8db9760 JavaThread "jar transforms Thread 2" [_thread_blocked, id=11800, stack(0x000000399f700000,0x000000399f800000)]
  0x0000021bf8dbaba0 JavaThread "jar transforms Thread 3" [_thread_blocked, id=11808, stack(0x000000399f900000,0x000000399fa00000)]
  0x0000021bf8db7900 JavaThread "jar transforms Thread 4" [_thread_blocked, id=11812, stack(0x000000399fa00000,0x000000399fb00000)]
  0x0000021bf8dbb0b0 JavaThread "Cache worker for kotlin-dsl (C:\Users\sbast\.gradle\caches\8.3\kotlin-dsl)" [_thread_blocked, id=12132, stack(0x000000399fb00000,0x000000399fc00000)]
  0x0000021bf8dbbad0 JavaThread "Unconstrained build operations" [_thread_blocked, id=12160, stack(0x000000399c800000,0x000000399c900000)]
  0x0000021bf8dbbfe0 JavaThread "Unconstrained build operations Thread 2" [_thread_blocked, id=12164, stack(0x000000399c900000,0x000000399ca00000)]
  0x0000021bf8db7e10 JavaThread "Cache worker for dependencies-accessors (C:\Users\sbast\Desktop\reactNative\Tarifka\android\.gradle\8.3\dependencies-accessors)" [_thread_blocked, id=12168, stack(0x000000399f800000,0x000000399f900000)]
  0x0000021bf8dbe350 JavaThread "Cache worker for Build Output Cleanup Cache (C:\Users\sbast\Desktop\reactNative\Tarifka\node_modules\@react-native\gradle-plugin\.gradle\buildOutputCleanup)" [_thread_blocked, id=12216, stack(0x000000399c700000,0x000000399c800000)]
  0x0000021bf8dbd420 JavaThread "Unconstrained build operations Thread 3" [_thread_blocked, id=12252, stack(0x000000399fc00000,0x000000399fd00000)]
  0x0000021bf8db8320 JavaThread "Unconstrained build operations Thread 4" [_thread_blocked, id=12256, stack(0x000000399fd00000,0x000000399fe00000)]
  0x0000021bf8dbd930 JavaThread "Unconstrained build operations Thread 5" [_thread_blocked, id=12260, stack(0x000000399fe00000,0x000000399ff00000)]
  0x0000021bf8dbed70 JavaThread "Memory manager" [_thread_blocked, id=10660, stack(0x00000039a0000000,0x00000039a0100000)]
  0x0000021bf95b4040 JavaThread "Cache worker for Build Output Cleanup Cache (C:\Users\sbast\Desktop\reactNative\Tarifka\android\.gradle\buildOutputCleanup)" [_thread_blocked, id=11436, stack(0x000000399ff00000,0x00000039a0000000)]
  0x0000021bf95b4a60 JavaThread "ForkJoinPool.commonPool-worker-1" daemon [_thread_blocked, id=10856, stack(0x00000039a0200000,0x00000039a0300000)]
  0x0000021bf95b5480 JavaThread "ForkJoinPool.commonPool-worker-2" daemon [_thread_blocked, id=6188, stack(0x00000039a0300000,0x00000039a0400000)]
  0x0000021bf95b2c00 JavaThread "ForkJoinPool.commonPool-worker-3" daemon [_thread_blocked, id=9944, stack(0x00000039a0400000,0x00000039a0500000)]
  0x0000021bf95b0890 JavaThread "Execution worker" [_thread_blocked, id=11596, stack(0x00000039a0900000,0x00000039a0a00000)]
  0x0000021bf95b3620 JavaThread "Execution worker Thread 2" [_thread_blocked, id=11592, stack(0x00000039a0a00000,0x00000039a0b00000)]
  0x0000021bf95afe70 JavaThread "Execution worker Thread 3" [_thread_blocked, id=11604, stack(0x00000039a0b00000,0x00000039a0c00000)]
  0x0000021bf95af450 JavaThread "Cache worker for execution history cache (C:\Users\sbast\Desktop\reactNative\Tarifka\node_modules\@react-native\gradle-plugin\.gradle\8.3\executionHistory)" [_thread_blocked, id=11568, stack(0x00000039a0c00000,0x00000039a0d00000)]
  0x0000021bf95b21e0 JavaThread "Unconstrained build operations Thread 6" [_thread_blocked, id=11624, stack(0x00000039a0100000,0x00000039a0200000)]
  0x0000021bf95af960 JavaThread "Unconstrained build operations Thread 7" [_thread_in_native, id=11576, stack(0x00000039a0d00000,0x00000039a0e00000)]
  0x0000021bf95b26f0 JavaThread "Unconstrained build operations Thread 8" [_thread_blocked, id=11588, stack(0x00000039a0e00000,0x00000039a0f00000)]
  0x0000021bf95b5990 JavaThread "Unconstrained build operations Thread 9" [_thread_blocked, id=11112, stack(0x00000039a0f00000,0x00000039a1000000)]
  0x0000021bf95b5ea0 JavaThread "Unconstrained build operations Thread 10" [_thread_blocked, id=10700, stack(0x00000039a1000000,0x00000039a1100000)]
  0x0000021bf95b3110 JavaThread "Unconstrained build operations Thread 11" [_thread_blocked, id=10228, stack(0x00000039a1100000,0x00000039a1200000)]
  0x0000021bf95b0380 JavaThread "Unconstrained build operations Thread 12" [_thread_blocked, id=8156, stack(0x00000039a1200000,0x00000039a1300000)]
  0x0000021bf95b3b30 JavaThread "Unconstrained build operations Thread 13" [_thread_blocked, id=12004, stack(0x00000039a1300000,0x00000039a1400000)]
  0x0000021bf95b4f70 JavaThread "Unconstrained build operations Thread 14" [_thread_blocked, id=12072, stack(0x00000039a1400000,0x00000039a1500000)]
  0x0000021bf95b0da0 JavaThread "Unconstrained build operations Thread 15" [_thread_blocked, id=12076, stack(0x00000039a1500000,0x00000039a1600000)]
  0x0000021bf95b63b0 JavaThread "Unconstrained build operations Thread 16" [_thread_blocked, id=12088, stack(0x00000039a1600000,0x00000039a1700000)]
  0x0000021bf7e36a10 JavaThread "Unconstrained build operations Thread 17" [_thread_blocked, id=12124, stack(0x00000039a1700000,0x00000039a1800000)]
  0x0000021bf7e32d50 JavaThread "Unconstrained build operations Thread 18" [_thread_blocked, id=12084, stack(0x00000039a1800000,0x00000039a1900000)]
  0x0000021bf7e33770 JavaThread "Unconstrained build operations Thread 19" [_thread_blocked, id=8988, stack(0x00000039a1900000,0x00000039a1a00000)]
  0x0000021bf7e36500 JavaThread "Unconstrained build operations Thread 20" [_thread_blocked, id=11004, stack(0x00000039a1a00000,0x00000039a1b00000)]
  0x0000021bf7e34bb0 JavaThread "Unconstrained build operations Thread 21" [_thread_blocked, id=11376, stack(0x00000039a1b00000,0x00000039a1c00000)]
  0x0000021bf7e35ff0 JavaThread "Unconstrained build operations Thread 22" [_thread_blocked, id=11372, stack(0x00000039a1c00000,0x00000039a1d00000)]
  0x0000021bf7e2ffc0 JavaThread "included builds Thread 2" [_thread_blocked, id=9656, stack(0x00000039a0600000,0x00000039a0700000)]
  0x0000021bf7e37430 JavaThread "Unconstrained build operations Thread 23" [_thread_blocked, id=6760, stack(0x00000039a0700000,0x00000039a0800000)]
  0x0000021bf7e37940 JavaThread "Unconstrained build operations Thread 24" [_thread_blocked, id=9920, stack(0x00000039a0800000,0x00000039a0900000)]
  0x0000021bf7e32840 JavaThread "Unconstrained build operations Thread 25" [_thread_blocked, id=7116, stack(0x00000039a1d00000,0x00000039a1e00000)]
  0x0000021bf7e33260 JavaThread "Unconstrained build operations Thread 26" [_thread_blocked, id=9952, stack(0x00000039a0500000,0x00000039a0600000)]
  0x0000021bf7e31400 JavaThread "Unconstrained build operations Thread 27" [_thread_blocked, id=4276, stack(0x00000039a1f00000,0x00000039a2000000)]
  0x0000021bf7e31910 JavaThread "Unconstrained build operations Thread 28" [_thread_blocked, id=3524, stack(0x00000039a2000000,0x00000039a2100000)]
  0x0000021bf7e31e20 JavaThread "Unconstrained build operations Thread 29" [_thread_blocked, id=9660, stack(0x00000039a2100000,0x00000039a2200000)]
  0x0000021bf95b17c0 JavaThread "Unconstrained build operations Thread 30" [_thread_blocked, id=10280, stack(0x00000039a1e00000,0x00000039a1f00000)]
  0x0000021bf95aef40 JavaThread "Unconstrained build operations Thread 31" [_thread_blocked, id=6096, stack(0x00000039a2300000,0x00000039a2400000)]
  0x0000021bf95b1cd0 JavaThread "Unconstrained build operations Thread 32" [_thread_blocked, id=1704, stack(0x00000039a2400000,0x00000039a2500000)]
  0x0000021bf95b4550 JavaThread "Unconstrained build operations Thread 33" [_thread_blocked, id=8184, stack(0x00000039a2500000,0x00000039a2600000)]
  0x0000021ba03f6d10 JavaThread "Unconstrained build operations Thread 34" [_thread_blocked, id=7192, stack(0x00000039a2600000,0x00000039a2700000)]
  0x0000021ba03f49a0 JavaThread "Unconstrained build operations Thread 35" [_thread_blocked, id=2652, stack(0x00000039a2700000,0x00000039a2800000)]
  0x0000021ba03fa4c0 JavaThread "Unconstrained build operations Thread 36" [_thread_blocked, id=11424, stack(0x00000039a2800000,0x00000039a2900000)]
  0x0000021ba03f62f0 JavaThread "Unconstrained build operations Thread 37" [_thread_blocked, id=7772, stack(0x00000039a2900000,0x00000039a2a00000)]
  0x0000021ba03f53c0 JavaThread "Unconstrained build operations Thread 38" [_thread_blocked, id=10040, stack(0x00000039a2a00000,0x00000039a2b00000)]
  0x0000021ba03f6800 JavaThread "Unconstrained build operations Thread 39" [_thread_blocked, id=9812, stack(0x00000039a2b00000,0x00000039a2c00000)]
  0x0000021ba03f3a70 JavaThread "Unconstrained build operations Thread 40" [_thread_blocked, id=10272, stack(0x00000039a2c00000,0x00000039a2d00000)]
  0x0000021ba03f3050 JavaThread "Cache worker for execution history cache (C:\Users\sbast\Desktop\reactNative\Tarifka\android\.gradle\8.3\executionHistory)" [_thread_blocked, id=5012, stack(0x00000039a2d00000,0x00000039a2e00000)]
  0x0000021bfb6a76e0 JavaThread "C2 CompilerThread1" daemon [_thread_blocked, id=7212, stack(0x00000039a2200000,0x00000039a2300000)]

Other Threads:
  0x0000021bf12b13a0 VMThread "VM Thread" [stack: 0x000000399d000000,0x000000399d100000] [id=11292]
  0x0000021bf12b8df0 WatcherThread [stack: 0x000000399dc00000,0x000000399dd00000] [id=11340]
  0x0000021bd18100c0 GCTaskThread "GC Thread#0" [stack: 0x000000399cb00000,0x000000399cc00000] [id=11272]
  0x0000021bf1711cd0 GCTaskThread "GC Thread#1" [stack: 0x000000399de00000,0x000000399df00000] [id=11352]
  0x0000021bf16aede0 GCTaskThread "GC Thread#2" [stack: 0x000000399df00000,0x000000399e000000] [id=11356]
  0x0000021bf6731190 GCTaskThread "GC Thread#3" [stack: 0x000000399dd00000,0x000000399de00000] [id=11380]
  0x0000021bd1821010 ConcurrentGCThread "G1 Main Marker" [stack: 0x000000399cc00000,0x000000399cd00000] [id=11276]
  0x0000021bd18229d0 ConcurrentGCThread "G1 Conc#0" [stack: 0x000000399cd00000,0x000000399ce00000] [id=11280]
  0x0000021bf11724b0 ConcurrentGCThread "G1 Refine#0" [stack: 0x000000399ce00000,0x000000399cf00000] [id=11284]
  0x0000021bf1502380 ConcurrentGCThread "G1 Refine#1" [stack: 0x000000399f200000,0x000000399f300000] [id=11764]
  0x0000021bd18671f0 ConcurrentGCThread "G1 Service" [stack: 0x000000399cf00000,0x000000399d000000] [id=11288]

Threads with active compile tasks:
C2 CompilerThread0   171599 14519   !   4       org.gradle.cache.internal.DefaultMultiProcessSafeIndexedCache::getIfPresent (25 bytes)
C2 CompilerThread1   171600 14536   !   4       java.util.concurrent.FutureTask::run (123 bytes)

VM state: not at safepoint (normal execution)

VM Mutex/Monitor currently owned by a thread: None

Heap address: 0x0000000080000000, size: 2048 MB, Compressed Oops mode: 32-bit

CDS archive(s) mapped at: [0x0000021b80000000-0x0000021b80bd0000-0x0000021b80bd0000), size 12386304, SharedBaseAddress: 0x0000021b80000000, ArchiveRelocationMode: 1.
Compressed class space mapped at: 0x0000021b81000000-0x0000021b9b000000, reserved size: 436207616
Narrow klass base: 0x0000021b80000000, Narrow klass shift: 0, Narrow klass range: 0x100000000

GC Precious Log:
 CPUs: 4 total, 4 available
 Memory: 7135M
 Large Page Support: Disabled
 NUMA Support: Disabled
 Compressed Oops: Enabled (32-bit)
 Heap Region Size: 1M
 Heap Min Capacity: 8M
 Heap Initial Capacity: 112M
 Heap Max Capacity: 2G
 Pre-touch: Disabled
 Parallel Workers: 4
 Concurrent Workers: 1
 Concurrent Refinement Workers: 4
 Periodic GC: Disabled

Heap:
 garbage-first heap   total 242688K, used 175077K [0x0000000080000000, 0x0000000100000000)
  region size 1024K, 30 young (30720K), 7 survivors (7168K)
 Metaspace       used 98058K, committed 99072K, reserved 557056K
  class space    used 13667K, committed 14144K, reserved 425984K

Heap Regions: E=young(eden), S=young(survivor), O=old, HS=humongous(starts), HC=humongous(continues), CS=collection set, F=free, OA=open archive, CA=closed archive, TAMS=top-at-mark-start (previous, next)
|   0|0x0000000080000000, 0x0000000080100000, 0x0000000080100000|100%| O|  |TAMS 0x0000000080100000, 0x0000000080000000| Untracked 
|   1|0x0000000080100000, 0x0000000080200000, 0x0000000080200000|100%| O|  |TAMS 0x0000000080200000, 0x0000000080100000| Untracked 
|   2|0x0000000080200000, 0x0000000080300000, 0x0000000080300000|100%|HS|  |TAMS 0x0000000080300000, 0x0000000080200000| Complete 
|   3|0x0000000080300000, 0x0000000080400000, 0x0000000080400000|100%|HC|  |TAMS 0x0000000080400000, 0x0000000080300000| Complete 
|   4|0x0000000080400000, 0x0000000080500000, 0x0000000080500000|100%|HC|  |TAMS 0x0000000080500000, 0x0000000080400000| Complete 
|   5|0x0000000080500000, 0x0000000080600000, 0x0000000080600000|100%|HC|  |TAMS 0x0000000080600000, 0x0000000080500000| Complete 
|   6|0x0000000080600000, 0x0000000080700000, 0x0000000080700000|100%| O|  |TAMS 0x0000000080700000, 0x0000000080600000| Untracked 
|   7|0x0000000080700000, 0x0000000080800000, 0x0000000080800000|100%| O|  |TAMS 0x0000000080800000, 0x0000000080700000| Untracked 
|   8|0x0000000080800000, 0x0000000080900000, 0x0000000080900000|100%| O|  |TAMS 0x0000000080900000, 0x0000000080800000| Untracked 
|   9|0x0000000080900000, 0x0000000080a00000, 0x0000000080a00000|100%| O|  |TAMS 0x0000000080a00000, 0x0000000080900000| Untracked 
|  10|0x0000000080a00000, 0x0000000080b00000, 0x0000000080b00000|100%| O|  |TAMS 0x0000000080b00000, 0x0000000080a00000| Untracked 
|  11|0x0000000080b00000, 0x0000000080c00000, 0x0000000080c00000|100%| O|  |TAMS 0x0000000080c00000, 0x0000000080b00000| Untracked 
|  12|0x0000000080c00000, 0x0000000080d00000, 0x0000000080d00000|100%| O|  |TAMS 0x0000000080d00000, 0x0000000080c00000| Untracked 
|  13|0x0000000080d00000, 0x0000000080e00000, 0x0000000080e00000|100%| O|  |TAMS 0x0000000080e00000, 0x0000000080d00000| Untracked 
|  14|0x0000000080e00000, 0x0000000080f00000, 0x0000000080f00000|100%| O|  |TAMS 0x0000000080f00000, 0x0000000080e00000| Untracked 
|  15|0x0000000080f00000, 0x0000000081000000, 0x0000000081000000|100%| O|  |TAMS 0x0000000081000000, 0x0000000080f00000| Untracked 
|  16|0x0000000081000000, 0x0000000081100000, 0x0000000081100000|100%| O|  |TAMS 0x0000000081100000, 0x0000000081000000| Untracked 
|  17|0x0000000081100000, 0x0000000081200000, 0x0000000081200000|100%| O|  |TAMS 0x0000000081200000, 0x0000000081100000| Untracked 
|  18|0x0000000081200000, 0x0000000081300000, 0x0000000081300000|100%| O|  |TAMS 0x0000000081300000, 0x0000000081200000| Untracked 
|  19|0x0000000081300000, 0x0000000081400000, 0x0000000081400000|100%| O|  |TAMS 0x0000000081400000, 0x0000000081300000| Untracked 
|  20|0x0000000081400000, 0x0000000081500000, 0x0000000081500000|100%| O|  |TAMS 0x0000000081500000, 0x0000000081400000| Untracked 
|  21|0x0000000081500000, 0x0000000081600000, 0x0000000081600000|100%| O|  |TAMS 0x0000000081600000, 0x0000000081500000| Untracked 
|  22|0x0000000081600000, 0x0000000081700000, 0x0000000081700000|100%| O|  |TAMS 0x0000000081700000, 0x0000000081600000| Untracked 
|  23|0x0000000081700000, 0x0000000081800000, 0x0000000081800000|100%| O|  |TAMS 0x0000000081800000, 0x0000000081700000| Untracked 
|  24|0x0000000081800000, 0x0000000081900000, 0x0000000081900000|100%|HS|  |TAMS 0x0000000081800000, 0x0000000081800000| Complete 
|  25|0x0000000081900000, 0x0000000081a00000, 0x0000000081a00000|100%| O|  |TAMS 0x0000000081a00000, 0x0000000081900000| Untracked 
|  26|0x0000000081a00000, 0x0000000081b00000, 0x0000000081b00000|100%| O|  |TAMS 0x0000000081b00000, 0x0000000081a00000| Untracked 
|  27|0x0000000081b00000, 0x0000000081c00000, 0x0000000081c00000|100%| O|  |TAMS 0x0000000081c00000, 0x0000000081b00000| Untracked 
|  28|0x0000000081c00000, 0x0000000081d00000, 0x0000000081d00000|100%| O|  |TAMS 0x0000000081d00000, 0x0000000081c00000| Untracked 
|  29|0x0000000081d00000, 0x0000000081e00000, 0x0000000081e00000|100%| O|  |TAMS 0x0000000081e00000, 0x0000000081d00000| Untracked 
|  30|0x0000000081e00000, 0x0000000081f00000, 0x0000000081f00000|100%| O|  |TAMS 0x0000000081f00000, 0x0000000081e00000| Untracked 
|  31|0x0000000081f00000, 0x0000000082000000, 0x0000000082000000|100%| O|  |TAMS 0x0000000082000000, 0x0000000081f00000| Untracked 
|  32|0x0000000082000000, 0x0000000082100000, 0x0000000082100000|100%| O|  |TAMS 0x0000000082100000, 0x0000000082000000| Untracked 
|  33|0x0000000082100000, 0x0000000082200000, 0x0000000082200000|100%| O|  |TAMS 0x0000000082200000, 0x0000000082100000| Untracked 
|  34|0x0000000082200000, 0x0000000082300000, 0x0000000082300000|100%| O|  |TAMS 0x0000000082300000, 0x0000000082200000| Untracked 
|  35|0x0000000082300000, 0x0000000082400000, 0x0000000082400000|100%| O|  |TAMS 0x0000000082400000, 0x0000000082300000| Untracked 
|  36|0x0000000082400000, 0x0000000082500000, 0x0000000082500000|100%| O|  |TAMS 0x0000000082500000, 0x0000000082400000| Untracked 
|  37|0x0000000082500000, 0x0000000082600000, 0x0000000082600000|100%| O|  |TAMS 0x0000000082600000, 0x0000000082500000| Untracked 
|  38|0x0000000082600000, 0x0000000082700000, 0x0000000082700000|100%| O|  |TAMS 0x0000000082700000, 0x0000000082600000| Untracked 
|  39|0x0000000082700000, 0x0000000082800000, 0x0000000082800000|100%|HS|  |TAMS 0x0000000082800000, 0x0000000082700000| Complete 
|  40|0x0000000082800000, 0x0000000082900000, 0x0000000082900000|100%|HC|  |TAMS 0x0000000082900000, 0x0000000082800000| Complete 
|  41|0x0000000082900000, 0x0000000082a00000, 0x0000000082a00000|100%| O|  |TAMS 0x0000000082a00000, 0x0000000082900000| Untracked 
|  42|0x0000000082a00000, 0x0000000082b00000, 0x0000000082b00000|100%|HS|  |TAMS 0x0000000082b00000, 0x0000000082a00000| Complete 
|  43|0x0000000082b00000, 0x0000000082c00000, 0x0000000082c00000|100%|HC|  |TAMS 0x0000000082c00000, 0x0000000082b00000| Complete 
|  44|0x0000000082c00000, 0x0000000082d00000, 0x0000000082d00000|100%|HS|  |TAMS 0x0000000082d00000, 0x0000000082c00000| Complete 
|  45|0x0000000082d00000, 0x0000000082e00000, 0x0000000082e00000|100%|HC|  |TAMS 0x0000000082e00000, 0x0000000082d00000| Complete 
|  46|0x0000000082e00000, 0x0000000082f00000, 0x0000000082f00000|100%|HC|  |TAMS 0x0000000082f00000, 0x0000000082e00000| Complete 
|  47|0x0000000082f00000, 0x0000000083000000, 0x0000000083000000|100%|HC|  |TAMS 0x0000000083000000, 0x0000000082f00000| Complete 
|  48|0x0000000083000000, 0x0000000083100000, 0x0000000083100000|100%| O|  |TAMS 0x0000000083100000, 0x0000000083000000| Untracked 
|  49|0x0000000083100000, 0x0000000083200000, 0x0000000083200000|100%| O|  |TAMS 0x0000000083200000, 0x0000000083100000| Untracked 
|  50|0x0000000083200000, 0x0000000083300000, 0x0000000083300000|100%| O|  |TAMS 0x0000000083300000, 0x0000000083200000| Untracked 
|  51|0x0000000083300000, 0x0000000083400000, 0x0000000083400000|100%| O|  |TAMS 0x0000000083400000, 0x0000000083300000| Untracked 
|  52|0x0000000083400000, 0x0000000083500000, 0x0000000083500000|100%|HS|  |TAMS 0x0000000083500000, 0x0000000083400000| Complete 
|  53|0x0000000083500000, 0x0000000083600000, 0x0000000083600000|100%|HC|  |TAMS 0x0000000083600000, 0x0000000083500000| Complete 
|  54|0x0000000083600000, 0x0000000083700000, 0x0000000083700000|100%|HC|  |TAMS 0x0000000083700000, 0x0000000083600000| Complete 
|  55|0x0000000083700000, 0x0000000083800000, 0x0000000083800000|100%|HC|  |TAMS 0x0000000083800000, 0x0000000083700000| Complete 
|  56|0x0000000083800000, 0x0000000083900000, 0x0000000083900000|100%| O|  |TAMS 0x0000000083900000, 0x0000000083800000| Untracked 
|  57|0x0000000083900000, 0x0000000083a00000, 0x0000000083a00000|100%| O|  |TAMS 0x0000000083a00000, 0x0000000083900000| Untracked 
|  58|0x0000000083a00000, 0x0000000083b00000, 0x0000000083b00000|100%| O|  |TAMS 0x0000000083b00000, 0x0000000083a00000| Untracked 
|  59|0x0000000083b00000, 0x0000000083c00000, 0x0000000083c00000|100%| O|  |TAMS 0x0000000083c00000, 0x0000000083b00000| Untracked 
|  60|0x0000000083c00000, 0x0000000083d00000, 0x0000000083d00000|100%| O|  |TAMS 0x0000000083d00000, 0x0000000083c00000| Untracked 
|  61|0x0000000083d00000, 0x0000000083e00000, 0x0000000083e00000|100%| O|  |TAMS 0x0000000083e00000, 0x0000000083d00000| Untracked 
|  62|0x0000000083e00000, 0x0000000083f00000, 0x0000000083f00000|100%| O|  |TAMS 0x0000000083f00000, 0x0000000083e00000| Untracked 
|  63|0x0000000083f00000, 0x0000000084000000, 0x0000000084000000|100%| O|  |TAMS 0x0000000084000000, 0x0000000083f00000| Untracked 
|  64|0x0000000084000000, 0x0000000084100000, 0x0000000084100000|100%| O|  |TAMS 0x0000000084100000, 0x0000000084000000| Untracked 
|  65|0x0000000084100000, 0x0000000084200000, 0x0000000084200000|100%|HS|  |TAMS 0x0000000084200000, 0x0000000084100000| Complete 
|  66|0x0000000084200000, 0x0000000084300000, 0x0000000084300000|100%|HS|  |TAMS 0x0000000084300000, 0x0000000084200000| Complete 
|  67|0x0000000084300000, 0x0000000084400000, 0x0000000084400000|100%| O|  |TAMS 0x0000000084400000, 0x0000000084300000| Untracked 
|  68|0x0000000084400000, 0x0000000084500000, 0x0000000084500000|100%| O|  |TAMS 0x0000000084500000, 0x0000000084400000| Untracked 
|  69|0x0000000084500000, 0x0000000084600000, 0x0000000084600000|100%|HS|  |TAMS 0x0000000084600000, 0x0000000084500000| Complete 
|  70|0x0000000084600000, 0x0000000084700000, 0x0000000084700000|100%| O|  |TAMS 0x0000000084700000, 0x0000000084600000| Untracked 
|  71|0x0000000084700000, 0x0000000084800000, 0x0000000084800000|100%| O|  |TAMS 0x0000000084800000, 0x0000000084700000| Untracked 
|  72|0x0000000084800000, 0x0000000084900000, 0x0000000084900000|100%|HS|  |TAMS 0x0000000084900000, 0x0000000084800000| Complete 
|  73|0x0000000084900000, 0x0000000084a00000, 0x0000000084a00000|100%| O|  |TAMS 0x0000000084a00000, 0x0000000084900000| Untracked 
|  74|0x0000000084a00000, 0x0000000084b00000, 0x0000000084b00000|100%| O|  |TAMS 0x0000000084b00000, 0x0000000084a00000| Untracked 
|  75|0x0000000084b00000, 0x0000000084c00000, 0x0000000084c00000|100%| O|  |TAMS 0x0000000084c00000, 0x0000000084b00000| Untracked 
|  76|0x0000000084c00000, 0x0000000084d00000, 0x0000000084d00000|100%| O|  |TAMS 0x0000000084d00000, 0x0000000084c00000| Untracked 
|  77|0x0000000084d00000, 0x0000000084e00000, 0x0000000084e00000|100%| O|  |TAMS 0x0000000084e00000, 0x0000000084d00000| Untracked 
|  78|0x0000000084e00000, 0x0000000084f00000, 0x0000000084f00000|100%| O|  |TAMS 0x0000000084f00000, 0x0000000084e00000| Untracked 
|  79|0x0000000084f00000, 0x0000000085000000, 0x0000000085000000|100%| O|  |TAMS 0x0000000085000000, 0x0000000084f00000| Untracked 
|  80|0x0000000085000000, 0x0000000085100000, 0x0000000085100000|100%| O|  |TAMS 0x0000000085100000, 0x0000000085000000| Untracked 
|  81|0x0000000085100000, 0x0000000085200000, 0x0000000085200000|100%| O|  |TAMS 0x0000000085200000, 0x0000000085100000| Untracked 
|  82|0x0000000085200000, 0x0000000085300000, 0x0000000085300000|100%| O|  |TAMS 0x0000000085300000, 0x0000000085200000| Untracked 
|  83|0x0000000085300000, 0x0000000085400000, 0x0000000085400000|100%| O|  |TAMS 0x0000000085400000, 0x0000000085300000| Untracked 
|  84|0x0000000085400000, 0x0000000085500000, 0x0000000085500000|100%| O|  |TAMS 0x0000000085500000, 0x0000000085400000| Untracked 
|  85|0x0000000085500000, 0x0000000085600000, 0x0000000085600000|100%| O|  |TAMS 0x0000000085600000, 0x0000000085500000| Untracked 
|  86|0x0000000085600000, 0x0000000085700000, 0x0000000085700000|100%| O|  |TAMS 0x0000000085700000, 0x0000000085600000| Untracked 
|  87|0x0000000085700000, 0x0000000085800000, 0x0000000085800000|100%| O|  |TAMS 0x0000000085800000, 0x0000000085700000| Untracked 
|  88|0x0000000085800000, 0x0000000085900000, 0x0000000085900000|100%| O|  |TAMS 0x0000000085900000, 0x0000000085800000| Untracked 
|  89|0x0000000085900000, 0x0000000085a00000, 0x0000000085a00000|100%| O|  |TAMS 0x0000000085a00000, 0x0000000085900000| Untracked 
|  90|0x0000000085a00000, 0x0000000085b00000, 0x0000000085b00000|100%|HS|  |TAMS 0x0000000085b00000, 0x0000000085a00000| Complete 
|  91|0x0000000085b00000, 0x0000000085c00000, 0x0000000085c00000|100%|HS|  |TAMS 0x0000000085c00000, 0x0000000085b00000| Complete 
|  92|0x0000000085c00000, 0x0000000085d00000, 0x0000000085d00000|100%|HC|  |TAMS 0x0000000085d00000, 0x0000000085c00000| Complete 
|  93|0x0000000085d00000, 0x0000000085e00000, 0x0000000085e00000|100%| O|  |TAMS 0x0000000085e00000, 0x0000000085d00000| Untracked 
|  94|0x0000000085e00000, 0x0000000085f00000, 0x0000000085f00000|100%| O|  |TAMS 0x0000000085f00000, 0x0000000085e00000| Untracked 
|  95|0x0000000085f00000, 0x0000000086000000, 0x0000000086000000|100%| O|  |TAMS 0x0000000086000000, 0x0000000085f00000| Untracked 
|  96|0x0000000086000000, 0x0000000086100000, 0x0000000086100000|100%| O|  |TAMS 0x0000000086100000, 0x0000000086000000| Untracked 
|  97|0x0000000086100000, 0x0000000086200000, 0x0000000086200000|100%| O|  |TAMS 0x0000000086200000, 0x0000000086100000| Untracked 
|  98|0x0000000086200000, 0x0000000086300000, 0x0000000086300000|100%| O|  |TAMS 0x0000000086300000, 0x0000000086200000| Untracked 
|  99|0x0000000086300000, 0x0000000086400000, 0x0000000086400000|100%| O|  |TAMS 0x0000000086400000, 0x0000000086300000| Untracked 
| 100|0x0000000086400000, 0x0000000086500000, 0x0000000086500000|100%| O|  |TAMS 0x0000000086500000, 0x0000000086400000| Untracked 
| 101|0x0000000086500000, 0x0000000086600000, 0x0000000086600000|100%| O|  |TAMS 0x0000000086558000, 0x0000000086500000| Untracked 
| 102|0x0000000086600000, 0x0000000086700000, 0x0000000086700000|100%|HS|  |TAMS 0x0000000086700000, 0x0000000086600000| Complete 
| 103|0x0000000086700000, 0x0000000086800000, 0x0000000086800000|100%|HS|  |TAMS 0x0000000086800000, 0x0000000086700000| Complete 
| 104|0x0000000086800000, 0x0000000086900000, 0x0000000086900000|100%| O|  |TAMS 0x0000000086800000, 0x0000000086800000| Untracked 
| 105|0x0000000086900000, 0x0000000086a00000, 0x0000000086a00000|100%| O|  |TAMS 0x0000000086900000, 0x0000000086900000| Untracked 
| 106|0x0000000086a00000, 0x0000000086b00000, 0x0000000086b00000|100%| O|  |TAMS 0x0000000086a00000, 0x0000000086a00000| Untracked 
| 107|0x0000000086b00000, 0x0000000086c00000, 0x0000000086c00000|100%| O|  |TAMS 0x0000000086b00000, 0x0000000086b00000| Untracked 
| 108|0x0000000086c00000, 0x0000000086d00000, 0x0000000086d00000|100%| O|  |TAMS 0x0000000086c00000, 0x0000000086c00000| Untracked 
| 109|0x0000000086d00000, 0x0000000086e00000, 0x0000000086e00000|100%| O|  |TAMS 0x0000000086d00000, 0x0000000086d00000| Untracked 
| 110|0x0000000086e00000, 0x0000000086f00000, 0x0000000086f00000|100%| O|  |TAMS 0x0000000086e00000, 0x0000000086e00000| Untracked 
| 111|0x0000000086f00000, 0x0000000087000000, 0x0000000087000000|100%| O|  |TAMS 0x0000000086f00000, 0x0000000086f00000| Untracked 
| 112|0x0000000087000000, 0x0000000087100000, 0x0000000087100000|100%|HS|  |TAMS 0x0000000087000000, 0x0000000087000000| Complete 
| 113|0x0000000087100000, 0x0000000087200000, 0x0000000087200000|100%|HC|  |TAMS 0x0000000087100000, 0x0000000087100000| Complete 
| 114|0x0000000087200000, 0x0000000087300000, 0x0000000087300000|100%| O|  |TAMS 0x0000000087200000, 0x0000000087200000| Untracked 
| 115|0x0000000087300000, 0x0000000087400000, 0x0000000087400000|100%| O|  |TAMS 0x0000000087300000, 0x0000000087300000| Untracked 
| 116|0x0000000087400000, 0x0000000087500000, 0x0000000087500000|100%| O|  |TAMS 0x0000000087400000, 0x0000000087400000| Untracked 
| 117|0x0000000087500000, 0x0000000087600000, 0x0000000087600000|100%| O|  |TAMS 0x0000000087500000, 0x0000000087500000| Untracked 
| 118|0x0000000087600000, 0x0000000087700000, 0x0000000087700000|100%| O|  |TAMS 0x0000000087600000, 0x0000000087600000| Untracked 
| 119|0x0000000087700000, 0x0000000087800000, 0x0000000087800000|100%| O|  |TAMS 0x0000000087700000, 0x0000000087700000| Untracked 
| 120|0x0000000087800000, 0x0000000087900000, 0x0000000087900000|100%| O|  |TAMS 0x0000000087800000, 0x0000000087800000| Untracked 
| 121|0x0000000087900000, 0x0000000087a00000, 0x0000000087a00000|100%| O|  |TAMS 0x0000000087900000, 0x0000000087900000| Untracked 
| 122|0x0000000087a00000, 0x0000000087b00000, 0x0000000087b00000|100%| O|  |TAMS 0x0000000087a00000, 0x0000000087a00000| Untracked 
| 123|0x0000000087b00000, 0x0000000087c00000, 0x0000000087c00000|100%| O|  |TAMS 0x0000000087b00000, 0x0000000087b00000| Untracked 
| 124|0x0000000087c00000, 0x0000000087d00000, 0x0000000087d00000|100%| O|  |TAMS 0x0000000087c00000, 0x0000000087c00000| Untracked 
| 125|0x0000000087d00000, 0x0000000087e00000, 0x0000000087e00000|100%| O|  |TAMS 0x0000000087d00000, 0x0000000087d00000| Untracked 
| 126|0x0000000087e00000, 0x0000000087f00000, 0x0000000087f00000|100%| O|  |TAMS 0x0000000087e00000, 0x0000000087e00000| Untracked 
| 127|0x0000000087f00000, 0x0000000088000000, 0x0000000088000000|100%| O|  |TAMS 0x0000000087f00000, 0x0000000087f00000| Untracked 
| 128|0x0000000088000000, 0x0000000088100000, 0x0000000088100000|100%| O|  |TAMS 0x0000000088000000, 0x0000000088000000| Untracked 
| 129|0x0000000088100000, 0x0000000088200000, 0x0000000088200000|100%| O|  |TAMS 0x0000000088100000, 0x0000000088100000| Untracked 
| 130|0x0000000088200000, 0x0000000088300000, 0x0000000088300000|100%| O|  |TAMS 0x0000000088200000, 0x0000000088200000| Untracked 
| 131|0x0000000088300000, 0x0000000088400000, 0x0000000088400000|100%| O|  |TAMS 0x0000000088300000, 0x0000000088300000| Untracked 
| 132|0x0000000088400000, 0x0000000088500000, 0x0000000088500000|100%| O|  |TAMS 0x0000000088400000, 0x0000000088400000| Untracked 
| 133|0x0000000088500000, 0x0000000088600000, 0x0000000088600000|100%| O|  |TAMS 0x0000000088500000, 0x0000000088500000| Untracked 
| 134|0x0000000088600000, 0x0000000088700000, 0x0000000088700000|100%| O|  |TAMS 0x0000000088600000, 0x0000000088600000| Untracked 
| 135|0x0000000088700000, 0x0000000088800000, 0x0000000088800000|100%| O|  |TAMS 0x0000000088700000, 0x0000000088700000| Untracked 
| 136|0x0000000088800000, 0x0000000088900000, 0x0000000088900000|100%| O|  |TAMS 0x0000000088800000, 0x0000000088800000| Untracked 
| 137|0x0000000088900000, 0x0000000088a00000, 0x0000000088a00000|100%| O|  |TAMS 0x0000000088900000, 0x0000000088900000| Untracked 
| 138|0x0000000088a00000, 0x0000000088b00000, 0x0000000088b00000|100%| O|  |TAMS 0x0000000088a00000, 0x0000000088a00000| Untracked 
| 139|0x0000000088b00000, 0x0000000088c00000, 0x0000000088c00000|100%| O|  |TAMS 0x0000000088b00000, 0x0000000088b00000| Untracked 
| 140|0x0000000088c00000, 0x0000000088d00000, 0x0000000088d00000|100%| O|  |TAMS 0x0000000088c00000, 0x0000000088c00000| Untracked 
| 141|0x0000000088d00000, 0x0000000088e00000, 0x0000000088e00000|100%| O|  |TAMS 0x0000000088d00000, 0x0000000088d00000| Untracked 
| 142|0x0000000088e00000, 0x0000000088ea4200, 0x0000000088f00000| 64%| O|  |TAMS 0x0000000088e00000, 0x0000000088e00000| Untracked 
| 143|0x0000000088f00000, 0x0000000088f00000, 0x0000000089000000|  0%| F|  |TAMS 0x0000000088f00000, 0x0000000088f00000| Untracked 
| 144|0x0000000089000000, 0x0000000089000000, 0x0000000089100000|  0%| F|  |TAMS 0x0000000089000000, 0x0000000089000000| Untracked 
| 145|0x0000000089100000, 0x0000000089100000, 0x0000000089200000|  0%| F|  |TAMS 0x0000000089100000, 0x0000000089100000| Untracked 
| 146|0x0000000089200000, 0x0000000089200000, 0x0000000089300000|  0%| F|  |TAMS 0x0000000089200000, 0x0000000089200000| Untracked 
| 147|0x0000000089300000, 0x0000000089300000, 0x0000000089400000|  0%| F|  |TAMS 0x0000000089300000, 0x0000000089300000| Untracked 
| 148|0x0000000089400000, 0x0000000089400000, 0x0000000089500000|  0%| F|  |TAMS 0x0000000089400000, 0x0000000089400000| Untracked 
| 149|0x0000000089500000, 0x0000000089500000, 0x0000000089600000|  0%| F|  |TAMS 0x0000000089500000, 0x0000000089500000| Untracked 
| 150|0x0000000089600000, 0x0000000089600000, 0x0000000089700000|  0%| F|  |TAMS 0x0000000089600000, 0x0000000089600000| Untracked 
| 151|0x0000000089700000, 0x0000000089700000, 0x0000000089800000|  0%| F|  |TAMS 0x0000000089700000, 0x0000000089700000| Untracked 
| 152|0x0000000089800000, 0x0000000089800000, 0x0000000089900000|  0%| F|  |TAMS 0x0000000089800000, 0x0000000089800000| Untracked 
| 153|0x0000000089900000, 0x0000000089900000, 0x0000000089a00000|  0%| F|  |TAMS 0x0000000089900000, 0x0000000089900000| Untracked 
| 154|0x0000000089a00000, 0x0000000089a00000, 0x0000000089b00000|  0%| F|  |TAMS 0x0000000089a00000, 0x0000000089a00000| Untracked 
| 155|0x0000000089b00000, 0x0000000089b00000, 0x0000000089c00000|  0%| F|  |TAMS 0x0000000089b00000, 0x0000000089b00000| Untracked 
| 156|0x0000000089c00000, 0x0000000089c00000, 0x0000000089d00000|  0%| F|  |TAMS 0x0000000089c00000, 0x0000000089c00000| Untracked 
| 157|0x0000000089d00000, 0x0000000089d00000, 0x0000000089e00000|  0%| F|  |TAMS 0x0000000089d00000, 0x0000000089d00000| Untracked 
| 158|0x0000000089e00000, 0x0000000089e00000, 0x0000000089f00000|  0%| F|  |TAMS 0x0000000089e00000, 0x0000000089e00000| Untracked 
| 159|0x0000000089f00000, 0x0000000089f00000, 0x000000008a000000|  0%| F|  |TAMS 0x0000000089f00000, 0x0000000089f00000| Untracked 
| 160|0x000000008a000000, 0x000000008a000000, 0x000000008a100000|  0%| F|  |TAMS 0x000000008a000000, 0x000000008a000000| Untracked 
| 161|0x000000008a100000, 0x000000008a100000, 0x000000008a200000|  0%| F|  |TAMS 0x000000008a100000, 0x000000008a100000| Untracked 
| 162|0x000000008a200000, 0x000000008a200000, 0x000000008a300000|  0%| F|  |TAMS 0x000000008a200000, 0x000000008a200000| Untracked 
| 163|0x000000008a300000, 0x000000008a300000, 0x000000008a400000|  0%| F|  |TAMS 0x000000008a300000, 0x000000008a300000| Untracked 
| 164|0x000000008a400000, 0x000000008a400000, 0x000000008a500000|  0%| F|  |TAMS 0x000000008a400000, 0x000000008a400000| Untracked 
| 165|0x000000008a500000, 0x000000008a500000, 0x000000008a600000|  0%| F|  |TAMS 0x000000008a500000, 0x000000008a500000| Untracked 
| 166|0x000000008a600000, 0x000000008a600000, 0x000000008a700000|  0%| F|  |TAMS 0x000000008a600000, 0x000000008a600000| Untracked 
| 167|0x000000008a700000, 0x000000008a700000, 0x000000008a800000|  0%| F|  |TAMS 0x000000008a700000, 0x000000008a700000| Untracked 
| 168|0x000000008a800000, 0x000000008a800000, 0x000000008a900000|  0%| F|  |TAMS 0x000000008a800000, 0x000000008a800000| Untracked 
| 169|0x000000008a900000, 0x000000008a900000, 0x000000008aa00000|  0%| F|  |TAMS 0x000000008a900000, 0x000000008a900000| Untracked 
| 170|0x000000008aa00000, 0x000000008aa00000, 0x000000008ab00000|  0%| F|  |TAMS 0x000000008aa00000, 0x000000008aa00000| Untracked 
| 171|0x000000008ab00000, 0x000000008ab00000, 0x000000008ac00000|  0%| F|  |TAMS 0x000000008ab00000, 0x000000008ab00000| Untracked 
| 172|0x000000008ac00000, 0x000000008ac00000, 0x000000008ad00000|  0%| F|  |TAMS 0x000000008ac00000, 0x000000008ac00000| Untracked 
| 173|0x000000008ad00000, 0x000000008ad00000, 0x000000008ae00000|  0%| F|  |TAMS 0x000000008ad00000, 0x000000008ad00000| Untracked 
| 174|0x000000008ae00000, 0x000000008ae00000, 0x000000008af00000|  0%| F|  |TAMS 0x000000008ae00000, 0x000000008ae00000| Untracked 
| 175|0x000000008af00000, 0x000000008af00000, 0x000000008b000000|  0%| F|  |TAMS 0x000000008af00000, 0x000000008af00000| Untracked 
| 176|0x000000008b000000, 0x000000008b000000, 0x000000008b100000|  0%| F|  |TAMS 0x000000008b000000, 0x000000008b000000| Untracked 
| 177|0x000000008b100000, 0x000000008b100000, 0x000000008b200000|  0%| F|  |TAMS 0x000000008b100000, 0x000000008b100000| Untracked 
| 178|0x000000008b200000, 0x000000008b200000, 0x000000008b300000|  0%| F|  |TAMS 0x000000008b200000, 0x000000008b200000| Untracked 
| 179|0x000000008b300000, 0x000000008b300000, 0x000000008b400000|  0%| F|  |TAMS 0x000000008b300000, 0x000000008b300000| Untracked 
| 180|0x000000008b400000, 0x000000008b455230, 0x000000008b500000| 33%| S|CS|TAMS 0x000000008b400000, 0x000000008b400000| Complete 
| 181|0x000000008b500000, 0x000000008b600000, 0x000000008b600000|100%| S|CS|TAMS 0x000000008b500000, 0x000000008b500000| Complete 
| 182|0x000000008b600000, 0x000000008b700000, 0x000000008b700000|100%| S|CS|TAMS 0x000000008b600000, 0x000000008b600000| Complete 
| 183|0x000000008b700000, 0x000000008b800000, 0x000000008b800000|100%| S|CS|TAMS 0x000000008b700000, 0x000000008b700000| Complete 
| 184|0x000000008b800000, 0x000000008b900000, 0x000000008b900000|100%| S|CS|TAMS 0x000000008b800000, 0x000000008b800000| Complete 
| 185|0x000000008b900000, 0x000000008ba00000, 0x000000008ba00000|100%| S|CS|TAMS 0x000000008b900000, 0x000000008b900000| Complete 
| 186|0x000000008ba00000, 0x000000008bb00000, 0x000000008bb00000|100%| S|CS|TAMS 0x000000008ba00000, 0x000000008ba00000| Complete 
| 187|0x000000008bb00000, 0x000000008bb00000, 0x000000008bc00000|  0%| F|  |TAMS 0x000000008bb00000, 0x000000008bb00000| Untracked 
| 188|0x000000008bc00000, 0x000000008bc00000, 0x000000008bd00000|  0%| F|  |TAMS 0x000000008bc00000, 0x000000008bc00000| Untracked 
| 189|0x000000008bd00000, 0x000000008bd00000, 0x000000008be00000|  0%| F|  |TAMS 0x000000008bd00000, 0x000000008bd00000| Untracked 
| 190|0x000000008be00000, 0x000000008be00000, 0x000000008bf00000|  0%| F|  |TAMS 0x000000008be00000, 0x000000008be00000| Untracked 
| 191|0x000000008bf00000, 0x000000008bf00000, 0x000000008c000000|  0%| F|  |TAMS 0x000000008bf00000, 0x000000008bf00000| Untracked 
| 192|0x000000008c000000, 0x000000008c000000, 0x000000008c100000|  0%| F|  |TAMS 0x000000008c000000, 0x000000008c000000| Untracked 
| 193|0x000000008c100000, 0x000000008c100000, 0x000000008c200000|  0%| F|  |TAMS 0x000000008c100000, 0x000000008c100000| Untracked 
| 194|0x000000008c200000, 0x000000008c200000, 0x000000008c300000|  0%| F|  |TAMS 0x000000008c200000, 0x000000008c200000| Untracked 
| 195|0x000000008c300000, 0x000000008c300000, 0x000000008c400000|  0%| F|  |TAMS 0x000000008c300000, 0x000000008c300000| Untracked 
| 196|0x000000008c400000, 0x000000008c400000, 0x000000008c500000|  0%| F|  |TAMS 0x000000008c400000, 0x000000008c400000| Untracked 
| 197|0x000000008c500000, 0x000000008c500000, 0x000000008c600000|  0%| F|  |TAMS 0x000000008c500000, 0x000000008c500000| Untracked 
| 198|0x000000008c600000, 0x000000008c600000, 0x000000008c700000|  0%| F|  |TAMS 0x000000008c600000, 0x000000008c600000| Untracked 
| 199|0x000000008c700000, 0x000000008c700000, 0x000000008c800000|  0%| F|  |TAMS 0x000000008c700000, 0x000000008c700000| Untracked 
| 200|0x000000008c800000, 0x000000008c800000, 0x000000008c900000|  0%| F|  |TAMS 0x000000008c800000, 0x000000008c800000| Untracked 
| 201|0x000000008c900000, 0x000000008c900000, 0x000000008ca00000|  0%| F|  |TAMS 0x000000008c900000, 0x000000008c900000| Untracked 
| 202|0x000000008ca00000, 0x000000008ca00000, 0x000000008cb00000|  0%| F|  |TAMS 0x000000008ca00000, 0x000000008ca00000| Untracked 
| 203|0x000000008cb00000, 0x000000008cb00000, 0x000000008cc00000|  0%| F|  |TAMS 0x000000008cb00000, 0x000000008cb00000| Untracked 
| 204|0x000000008cc00000, 0x000000008cc00000, 0x000000008cd00000|  0%| F|  |TAMS 0x000000008cc00000, 0x000000008cc00000| Untracked 
| 205|0x000000008cd00000, 0x000000008cd00000, 0x000000008ce00000|  0%| F|  |TAMS 0x000000008cd00000, 0x000000008cd00000| Untracked 
| 206|0x000000008ce00000, 0x000000008ce00000, 0x000000008cf00000|  0%| F|  |TAMS 0x000000008ce00000, 0x000000008ce00000| Untracked 
| 207|0x000000008cf00000, 0x000000008cf00000, 0x000000008d000000|  0%| F|  |TAMS 0x000000008cf00000, 0x000000008cf00000| Untracked 
| 208|0x000000008d000000, 0x000000008d000000, 0x000000008d100000|  0%| F|  |TAMS 0x000000008d000000, 0x000000008d000000| Untracked 
| 209|0x000000008d100000, 0x000000008d100000, 0x000000008d200000|  0%| F|  |TAMS 0x000000008d100000, 0x000000008d100000| Untracked 
| 210|0x000000008d200000, 0x000000008d200000, 0x000000008d300000|  0%| F|  |TAMS 0x000000008d200000, 0x000000008d200000| Untracked 
| 211|0x000000008d300000, 0x000000008d300000, 0x000000008d400000|  0%| F|  |TAMS 0x000000008d300000, 0x000000008d300000| Untracked 
| 212|0x000000008d400000, 0x000000008d400000, 0x000000008d500000|  0%| F|  |TAMS 0x000000008d400000, 0x000000008d400000| Untracked 
| 213|0x000000008d500000, 0x000000008d500000, 0x000000008d600000|  0%| F|  |TAMS 0x000000008d500000, 0x000000008d500000| Untracked 
| 214|0x000000008d600000, 0x000000008d6424c0, 0x000000008d700000| 25%| E|  |TAMS 0x000000008d600000, 0x000000008d600000| Complete 
| 215|0x000000008d700000, 0x000000008d800000, 0x000000008d800000|100%| E|CS|TAMS 0x000000008d700000, 0x000000008d700000| Complete 
| 216|0x000000008d800000, 0x000000008d900000, 0x000000008d900000|100%| E|CS|TAMS 0x000000008d800000, 0x000000008d800000| Complete 
| 217|0x000000008d900000, 0x000000008da00000, 0x000000008da00000|100%| E|CS|TAMS 0x000000008d900000, 0x000000008d900000| Complete 
| 218|0x000000008da00000, 0x000000008db00000, 0x000000008db00000|100%| E|CS|TAMS 0x000000008da00000, 0x000000008da00000| Complete 
| 219|0x000000008db00000, 0x000000008dc00000, 0x000000008dc00000|100%| E|CS|TAMS 0x000000008db00000, 0x000000008db00000| Complete 
| 220|0x000000008dc00000, 0x000000008dd00000, 0x000000008dd00000|100%| E|CS|TAMS 0x000000008dc00000, 0x000000008dc00000| Complete 
| 221|0x000000008dd00000, 0x000000008de00000, 0x000000008de00000|100%| E|CS|TAMS 0x000000008dd00000, 0x000000008dd00000| Complete 
| 222|0x000000008de00000, 0x000000008df00000, 0x000000008df00000|100%| E|CS|TAMS 0x000000008de00000, 0x000000008de00000| Complete 
| 223|0x000000008df00000, 0x000000008e000000, 0x000000008e000000|100%| E|CS|TAMS 0x000000008df00000, 0x000000008df00000| Complete 
| 224|0x000000008e000000, 0x000000008e100000, 0x000000008e100000|100%| E|CS|TAMS 0x000000008e000000, 0x000000008e000000| Complete 
| 225|0x000000008e100000, 0x000000008e200000, 0x000000008e200000|100%| E|CS|TAMS 0x000000008e100000, 0x000000008e100000| Complete 
| 226|0x000000008e200000, 0x000000008e300000, 0x000000008e300000|100%| E|CS|TAMS 0x000000008e200000, 0x000000008e200000| Complete 
| 227|0x000000008e300000, 0x000000008e400000, 0x000000008e400000|100%| E|CS|TAMS 0x000000008e300000, 0x000000008e300000| Complete 
| 228|0x000000008e400000, 0x000000008e500000, 0x000000008e500000|100%| E|CS|TAMS 0x000000008e400000, 0x000000008e400000| Complete 
| 229|0x000000008e500000, 0x000000008e600000, 0x000000008e600000|100%| E|CS|TAMS 0x000000008e500000, 0x000000008e500000| Complete 
| 230|0x000000008e600000, 0x000000008e700000, 0x000000008e700000|100%| E|CS|TAMS 0x000000008e600000, 0x000000008e600000| Complete 
| 231|0x000000008e700000, 0x000000008e800000, 0x000000008e800000|100%| E|CS|TAMS 0x000000008e700000, 0x000000008e700000| Complete 
| 232|0x000000008e800000, 0x000000008e900000, 0x000000008e900000|100%| E|CS|TAMS 0x000000008e800000, 0x000000008e800000| Complete 
| 233|0x000000008e900000, 0x000000008ea00000, 0x000000008ea00000|100%| E|CS|TAMS 0x000000008e900000, 0x000000008e900000| Complete 
| 234|0x000000008ea00000, 0x000000008eb00000, 0x000000008eb00000|100%| E|CS|TAMS 0x000000008ea00000, 0x000000008ea00000| Complete 
| 235|0x000000008eb00000, 0x000000008ec00000, 0x000000008ec00000|100%| E|CS|TAMS 0x000000008eb00000, 0x000000008eb00000| Complete 
| 236|0x000000008ec00000, 0x000000008ed00000, 0x000000008ed00000|100%| E|CS|TAMS 0x000000008ec00000, 0x000000008ec00000| Complete 

Card table byte_map: [0x0000021bea4c0000,0x0000021bea8c0000] _byte_map_base: 0x0000021bea0c0000

Marking Bits (Prev, Next): (CMBitMap*) 0x0000021bd1810720, (CMBitMap*) 0x0000021bd18106e0
 Prev Bits: [0x0000021beccc0000, 0x0000021beecc0000)
 Next Bits: [0x0000021beacc0000, 0x0000021beccc0000)

Polling page: 0x0000021bdaa60000

Metaspace:

Usage:
  Non-class:     82.41 MB used.
      Class:     13.35 MB used.
       Both:     95.76 MB used.

Virtual space:
  Non-class space:      128.00 MB reserved,      82.94 MB ( 65%) committed,  2 nodes.
      Class space:      416.00 MB reserved,      13.81 MB (  3%) committed,  1 nodes.
             Both:      544.00 MB reserved,      96.75 MB ( 18%) committed. 

Chunk freelists:
   Non-Class:  13.05 MB
       Class:  2.17 MB
        Both:  15.21 MB

MaxMetaspaceSize: 512.00 MB
CompressedClassSpaceSize: 416.00 MB
Initial GC threshold: 21.00 MB
Current GC threshold: 145.25 MB
CDS: on
MetaspaceReclaimPolicy: balanced
 - commit_granule_bytes: 65536.
 - commit_granule_words: 8192.
 - virtual_space_node_default_size: 8388608.
 - enlarge_chunks_in_place: 1.
 - new_chunks_are_fully_committed: 0.
 - uncommit_free_chunks: 1.
 - use_allocation_guard: 0.
 - handle_deallocations: 1.


Internal statistics:

num_allocs_failed_limit: 8.
num_arena_births: 1180.
num_arena_deaths: 0.
num_vsnodes_births: 3.
num_vsnodes_deaths: 0.
num_space_committed: 1548.
num_space_uncommitted: 0.
num_chunks_returned_to_freelist: 8.
num_chunks_taken_from_freelist: 5457.
num_chunk_merges: 8.
num_chunk_splits: 3522.
num_chunks_enlarged: 2259.
num_inconsistent_stats: 0.

CodeHeap 'non-profiled nmethods': size=120000Kb used=7925Kb max_used=8040Kb free=112074Kb
 bounds [0x0000021be2550000, 0x0000021be2d50000, 0x0000021be9a80000]
CodeHeap 'profiled nmethods': size=120000Kb used=23582Kb max_used=25705Kb free=96417Kb
 bounds [0x0000021bdaa80000, 0x0000021bdc3a0000, 0x0000021be1fb0000]
CodeHeap 'non-nmethods': size=5760Kb used=2391Kb max_used=2500Kb free=3368Kb
 bounds [0x0000021be1fb0000, 0x0000021be2230000, 0x0000021be2550000]
 total_blobs=13093 nmethods=12168 adapters=838
 compilation: enabled
              stopped_count=0, restarted_count=0
 full_count=0

Compilation events (20 events):
Event: 170.704 Thread 0x0000021bf12dcf80 nmethod 14510 0x0000021be263c790 code [0x0000021be263c900, 0x0000021be263ccf8]
Event: 170.704 Thread 0x0000021bf12dcf80 14511       4       org.gradle.cache.internal.btree.FileBackedBlockStore$BlockImpl::setPos (34 bytes)
Event: 170.706 Thread 0x0000021bf12dcf80 nmethod 14511 0x0000021be2a0b290 code [0x0000021be2a0b400, 0x0000021be2a0b538]
Event: 170.711 Thread 0x0000021bf12dcf80 14512       4       sun.nio.fs.WindowsPath::getFileName (87 bytes)
Event: 170.740 Thread 0x0000021bf12dcf80 nmethod 14512 0x0000021be2bd8c90 code [0x0000021be2bd8e60, 0x0000021be2bd9ad8]
Event: 170.750 Thread 0x0000021bf12e9990 14513       3       com.google.common.cache.LocalCache$Segment::cleanUp (21 bytes)
Event: 170.751 Thread 0x0000021bf12e9990 nmethod 14513 0x0000021bdb5e6710 code [0x0000021bdb5e6900, 0x0000021bdb5e6de8]
Event: 170.919 Thread 0x0000021bf12dcf80 14514       4       java.util.concurrent.locks.AbstractQueuedSynchronizer$ConditionObject::doSignal (54 bytes)
Event: 170.948 Thread 0x0000021bf12dcf80 nmethod 14514 0x0000021be2ba2390 code [0x0000021be2ba2520, 0x0000021be2ba2b08]
Event: 170.948 Thread 0x0000021bf12dcf80 14515       4       java.lang.String$CaseInsensitiveComparator::compare (68 bytes)
Event: 170.963 Thread 0x0000021bf12dcf80 nmethod 14515 0x0000021be277dd90 code [0x0000021be277df60, 0x0000021be277e528]
Event: 171.000 Thread 0x0000021bf12dcf80 14516       4       java.util.concurrent.TimeUnit::convert (77 bytes)
Event: 171.005 Thread 0x0000021bf12dcf80 nmethod 14516 0x0000021be263bf10 code [0x0000021be263c0a0, 0x0000021be263c2f8]
Event: 171.010 Thread 0x0000021bf12dcf80 14517       4       org.gradle.cache.internal.DefaultFileLockManager$DefaultFileLock::assertOpenAndIntegral (41 bytes)
Event: 171.012 Thread 0x0000021bf12dcf80 nmethod 14517 0x0000021be277d990 code [0x0000021be277db20, 0x0000021be277dc38]
Event: 171.024 Thread 0x0000021bf12dcf80 14518       4       org.gradle.internal.file.impl.DefaultFileMetadata::file (15 bytes)
Event: 171.026 Thread 0x0000021bf12dcf80 nmethod 14518 0x0000021be2bf8990 code [0x0000021be2bf8b20, 0x0000021be2bf8bf8]
Event: 171.027 Thread 0x0000021bf12dcf80 14519   !   4       org.gradle.cache.internal.DefaultMultiProcessSafeIndexedCache::getIfPresent (25 bytes)
Event: 171.095 Thread 0x0000021bf12e9990 14521       3       java.util.stream.FindOps$FindSink$OfRef$$Lambda$14/0x80000001d::get (8 bytes)
Event: 171.095 Thread 0x0000021bf12e9990 nmethod 14521 0x0000021bdaf99910 code [0x0000021bdaf99ac0, 0x0000021bdaf99d38]

GC Heap History (20 events):
Event: 148.548 GC heap before
{Heap before GC invocations=66 (full 0):
 garbage-first heap   total 201728K, used 130048K [0x0000000080000000, 0x0000000100000000)
  region size 1024K, 9 young (9216K), 2 survivors (2048K)
 Metaspace       used 88681K, committed 89536K, reserved 557056K
  class space    used 12451K, committed 12864K, reserved 425984K
}
Event: 148.562 GC heap after
{Heap after GC invocations=67 (full 0):
 garbage-first heap   total 201728K, used 124211K [0x0000000080000000, 0x0000000100000000)
  region size 1024K, 2 young (2048K), 2 survivors (2048K)
 Metaspace       used 88681K, committed 89536K, reserved 557056K
  class space    used 12451K, committed 12864K, reserved 425984K
}
Event: 151.457 GC heap before
{Heap before GC invocations=67 (full 0):
 garbage-first heap   total 201728K, used 154931K [0x0000000080000000, 0x0000000100000000)
  region size 1024K, 32 young (32768K), 2 survivors (2048K)
 Metaspace       used 89127K, committed 90048K, reserved 557056K
  class space    used 12494K, committed 12928K, reserved 425984K
}
Event: 151.470 GC heap after
{Heap after GC invocations=68 (full 0):
 garbage-first heap   total 201728K, used 132543K [0x0000000080000000, 0x0000000100000000)
  region size 1024K, 4 young (4096K), 4 survivors (4096K)
 Metaspace       used 89127K, committed 90048K, reserved 557056K
  class space    used 12494K, committed 12928K, reserved 425984K
}
Event: 153.037 GC heap before
{Heap before GC invocations=68 (full 0):
 garbage-first heap   total 201728K, used 159167K [0x0000000080000000, 0x0000000100000000)
  region size 1024K, 30 young (30720K), 4 survivors (4096K)
 Metaspace       used 90617K, committed 91520K, reserved 557056K
  class space    used 12695K, committed 13120K, reserved 425984K
}
Event: 153.059 GC heap after
{Heap after GC invocations=69 (full 0):
 garbage-first heap   total 201728K, used 134514K [0x0000000080000000, 0x0000000100000000)
  region size 1024K, 2 young (2048K), 2 survivors (2048K)
 Metaspace       used 90617K, committed 91520K, reserved 557056K
  class space    used 12695K, committed 13120K, reserved 425984K
}
Event: 154.379 GC heap before
{Heap before GC invocations=69 (full 0):
 garbage-first heap   total 201728K, used 162162K [0x0000000080000000, 0x0000000100000000)
  region size 1024K, 29 young (29696K), 2 survivors (2048K)
 Metaspace       used 92912K, committed 93888K, reserved 557056K
  class space    used 13065K, committed 13504K, reserved 425984K
}
Event: 154.389 GC heap after
{Heap after GC invocations=70 (full 0):
 garbage-first heap   total 201728K, used 135624K [0x0000000080000000, 0x0000000100000000)
  region size 1024K, 4 young (4096K), 4 survivors (4096K)
 Metaspace       used 92912K, committed 93888K, reserved 557056K
  class space    used 13065K, committed 13504K, reserved 425984K
}
Event: 157.814 GC heap before
{Heap before GC invocations=70 (full 0):
 garbage-first heap   total 201728K, used 163272K [0x0000000080000000, 0x0000000100000000)
  region size 1024K, 31 young (31744K), 4 survivors (4096K)
 Metaspace       used 94456K, committed 95424K, reserved 557056K
  class space    used 13258K, committed 13696K, reserved 425984K
}
Event: 157.830 GC heap after
{Heap after GC invocations=71 (full 0):
 garbage-first heap   total 201728K, used 138608K [0x0000000080000000, 0x0000000100000000)
  region size 1024K, 4 young (4096K), 4 survivors (4096K)
 Metaspace       used 94456K, committed 95424K, reserved 557056K
  class space    used 13258K, committed 13696K, reserved 425984K
}
Event: 158.610 GC heap before
{Heap before GC invocations=71 (full 0):
 garbage-first heap   total 201728K, used 166256K [0x0000000080000000, 0x0000000100000000)
  region size 1024K, 31 young (31744K), 4 survivors (4096K)
 Metaspace       used 95854K, committed 96832K, reserved 557056K
  class space    used 13432K, committed 13888K, reserved 425984K
}
Event: 158.627 GC heap after
{Heap after GC invocations=72 (full 0):
 garbage-first heap   total 201728K, used 140151K [0x0000000080000000, 0x0000000100000000)
  region size 1024K, 3 young (3072K), 3 survivors (3072K)
 Metaspace       used 95854K, committed 96832K, reserved 557056K
  class space    used 13432K, committed 13888K, reserved 425984K
}
Event: 159.625 GC heap before
{Heap before GC invocations=72 (full 0):
 garbage-first heap   total 201728K, used 167799K [0x0000000080000000, 0x0000000100000000)
  region size 1024K, 30 young (30720K), 3 survivors (3072K)
 Metaspace       used 96478K, committed 97408K, reserved 557056K
  class space    used 13496K, committed 13952K, reserved 425984K
}
Event: 159.642 GC heap after
{Heap after GC invocations=73 (full 0):
 garbage-first heap   total 201728K, used 143153K [0x0000000080000000, 0x0000000100000000)
  region size 1024K, 3 young (3072K), 3 survivors (3072K)
 Metaspace       used 96478K, committed 97408K, reserved 557056K
  class space    used 13496K, committed 13952K, reserved 425984K
}
Event: 160.413 GC heap before
{Heap before GC invocations=73 (full 0):
 garbage-first heap   total 201728K, used 169777K [0x0000000080000000, 0x0000000100000000)
  region size 1024K, 29 young (29696K), 3 survivors (3072K)
 Metaspace       used 96815K, committed 97792K, reserved 557056K
  class space    used 13531K, committed 14016K, reserved 425984K
}
Event: 160.426 GC heap after
{Heap after GC invocations=74 (full 0):
 garbage-first heap   total 201728K, used 146217K [0x0000000080000000, 0x0000000100000000)
  region size 1024K, 3 young (3072K), 3 survivors (3072K)
 Metaspace       used 96815K, committed 97792K, reserved 557056K
  class space    used 13531K, committed 14016K, reserved 425984K
}
Event: 163.957 GC heap before
{Heap before GC invocations=74 (full 0):
 garbage-first heap   total 201728K, used 169769K [0x0000000080000000, 0x0000000100000000)
  region size 1024K, 27 young (27648K), 3 survivors (3072K)
 Metaspace       used 97363K, committed 98368K, reserved 557056K
  class space    used 13605K, committed 14080K, reserved 425984K
}
Event: 163.979 GC heap after
{Heap after GC invocations=75 (full 0):
 garbage-first heap   total 242688K, used 148518K [0x0000000080000000, 0x0000000100000000)
  region size 1024K, 3 young (3072K), 3 survivors (3072K)
 Metaspace       used 97363K, committed 98368K, reserved 557056K
  class space    used 13605K, committed 14080K, reserved 425984K
}
Event: 168.707 GC heap before
{Heap before GC invocations=75 (full 0):
 garbage-first heap   total 242688K, used 198694K [0x0000000080000000, 0x0000000100000000)
  region size 1024K, 53 young (54272K), 3 survivors (3072K)
 Metaspace       used 97981K, committed 99008K, reserved 557056K
  class space    used 13666K, committed 14144K, reserved 425984K
}
Event: 168.720 GC heap after
{Heap after GC invocations=76 (full 0):
 garbage-first heap   total 242688K, used 152549K [0x0000000080000000, 0x0000000100000000)
  region size 1024K, 7 young (7168K), 7 survivors (7168K)
 Metaspace       used 97981K, committed 99008K, reserved 557056K
  class space    used 13666K, committed 14144K, reserved 425984K
}

Dll operation events (14 events):
Event: 0.103 Loaded shared library C:\Program Files\Microsoft\jdk-17.0.8.7-hotspot\bin\java.dll
Event: 0.139 Loaded shared library C:\Program Files\Microsoft\jdk-17.0.8.7-hotspot\bin\jsvml.dll
Event: 0.343 Loaded shared library C:\Program Files\Microsoft\jdk-17.0.8.7-hotspot\bin\zip.dll
Event: 0.379 Loaded shared library C:\Program Files\Microsoft\jdk-17.0.8.7-hotspot\bin\instrument.dll
Event: 0.395 Loaded shared library C:\Program Files\Microsoft\jdk-17.0.8.7-hotspot\bin\net.dll
Event: 0.399 Loaded shared library C:\Program Files\Microsoft\jdk-17.0.8.7-hotspot\bin\nio.dll
Event: 0.408 Loaded shared library C:\Program Files\Microsoft\jdk-17.0.8.7-hotspot\bin\zip.dll
Event: 1.296 Loaded shared library C:\Program Files\Microsoft\jdk-17.0.8.7-hotspot\bin\jimage.dll
Event: 1.756 Loaded shared library C:\Program Files\Microsoft\jdk-17.0.8.7-hotspot\bin\verify.dll
Event: 2.971 Loaded shared library C:\Users\sbast\.gradle\native\68d5fa5c4cc2d200863cafc0d521ce42e7d3e7ee720ec0a83991735586a16f82\windows-amd64\native-platform.dll
Event: 3.132 Loaded shared library C:\Users\sbast\.gradle\native\e376f236ea51e6404a007f0833ffe2c6e607c4080706a723a18a27aeea778392\windows-amd64\native-platform-file-events.dll
Event: 18.559 Loaded shared library C:\Program Files\Microsoft\jdk-17.0.8.7-hotspot\bin\management.dll
Event: 18.567 Loaded shared library C:\Program Files\Microsoft\jdk-17.0.8.7-hotspot\bin\management_ext.dll
Event: 27.694 Loaded shared library C:\Program Files\Microsoft\jdk-17.0.8.7-hotspot\bin\sunmscapi.dll

Deoptimization events (20 events):
Event: 168.139 Thread 0x0000021bf95afe70 Uncommon trap: trap_request=0xffffffc6 fr.pc=0x0000021be263f72c relative=0x000000000000022c
Event: 168.139 Thread 0x0000021bf95afe70 Uncommon trap: reason=bimorphic_or_optimized_type_check action=maybe_recompile pc=0x0000021be263f72c method=org.gradle.execution.plan.DefaultFinalizedExecutionPlan.tryLockProjectFor(Lorg/gradle/execution/plan/Node;Ljava/util/List;)Z @ 1 c2
Event: 168.139 Thread 0x0000021bf95afe70 DEOPT PACKING pc=0x0000021be263f72c sp=0x00000039a0bfe910
Event: 168.139 Thread 0x0000021bf95afe70 DEOPT UNPACKING pc=0x0000021be20069a3 sp=0x00000039a0bfe840 mode 2
Event: 168.140 Thread 0x0000021bf95afe70 Uncommon trap: trap_request=0xffffffc6 fr.pc=0x0000021be263f72c relative=0x000000000000022c
Event: 168.140 Thread 0x0000021bf95afe70 Uncommon trap: reason=bimorphic_or_optimized_type_check action=maybe_recompile pc=0x0000021be263f72c method=org.gradle.execution.plan.DefaultFinalizedExecutionPlan.tryLockProjectFor(Lorg/gradle/execution/plan/Node;Ljava/util/List;)Z @ 1 c2
Event: 168.140 Thread 0x0000021bf95afe70 DEOPT PACKING pc=0x0000021be263f72c sp=0x00000039a0bfe910
Event: 168.140 Thread 0x0000021bf95afe70 DEOPT UNPACKING pc=0x0000021be20069a3 sp=0x00000039a0bfe840 mode 2
Event: 168.150 Thread 0x0000021bf95afe70 Uncommon trap: trap_request=0xffffffc6 fr.pc=0x0000021be2ce4cc0 relative=0x00000000000000a0
Event: 168.150 Thread 0x0000021bf95afe70 Uncommon trap: reason=bimorphic_or_optimized_type_check action=maybe_recompile pc=0x0000021be2ce4cc0 method=org.gradle.execution.plan.ActionNode.hasPendingPreExecutionNodes()Z @ 11 c2
Event: 168.150 Thread 0x0000021bf95afe70 DEOPT PACKING pc=0x0000021be2ce4cc0 sp=0x00000039a0bfe9b0
Event: 168.151 Thread 0x0000021bf95afe70 DEOPT UNPACKING pc=0x0000021be20069a3 sp=0x00000039a0bfe938 mode 2
Event: 168.152 Thread 0x0000021bf95afe70 Uncommon trap: trap_request=0xffffffc6 fr.pc=0x0000021be263f72c relative=0x000000000000022c
Event: 168.152 Thread 0x0000021bf95afe70 Uncommon trap: reason=bimorphic_or_optimized_type_check action=maybe_recompile pc=0x0000021be263f72c method=org.gradle.execution.plan.DefaultFinalizedExecutionPlan.tryLockProjectFor(Lorg/gradle/execution/plan/Node;Ljava/util/List;)Z @ 1 c2
Event: 168.152 Thread 0x0000021bf95afe70 DEOPT PACKING pc=0x0000021be263f72c sp=0x00000039a0bfe910
Event: 168.152 Thread 0x0000021bf95afe70 DEOPT UNPACKING pc=0x0000021be20069a3 sp=0x00000039a0bfe840 mode 2
Event: 168.210 Thread 0x0000021bf95afe70 Uncommon trap: trap_request=0xffffffd6 fr.pc=0x0000021be2d1f738 relative=0x00000000000006f8
Event: 168.210 Thread 0x0000021bf95afe70 Uncommon trap: reason=array_check action=maybe_recompile pc=0x0000021be2d1f738 method=java.util.TimSort.binarySort([Ljava/lang/Object;IIILjava/util/Comparator;)V @ 215 c2
Event: 168.210 Thread 0x0000021bf95afe70 DEOPT PACKING pc=0x0000021be2d1f738 sp=0x00000039a0bfa6a0
Event: 168.210 Thread 0x0000021bf95afe70 DEOPT UNPACKING pc=0x0000021be20069a3 sp=0x00000039a0bfa638 mode 2

Classes unloaded (0 events):
No events

Classes redefined (0 events):
No events

Internal exceptions (20 events):
Event: 154.661 Thread 0x0000021bf17d8d80 Exception <a 'sun/nio/fs/WindowsException'{0x000000008c1038f8}> (0x000000008c1038f8) 
thrown [s\src\hotspot\share\prims\jni.cpp, line 516]
Event: 154.661 Thread 0x0000021bf17d8d80 Exception <a 'sun/nio/fs/WindowsException'{0x000000008c104f88}> (0x000000008c104f88) 
thrown [s\src\hotspot\share\prims\jni.cpp, line 516]
Event: 157.703 Thread 0x0000021bf17d8d80 Implicit null exception at 0x0000021be2bbc135 to 0x0000021be2bbcff8
Event: 157.831 Thread 0x0000021bf12b4d30 Implicit null exception at 0x0000021be29b227f to 0x0000021be29b288c
Event: 158.713 Thread 0x0000021bf17d8d80 Implicit null exception at 0x0000021be2bfcd10 to 0x0000021be2bfcdd8
Event: 158.925 Thread 0x0000021bf17d8d80 Exception <a 'java/lang/IncompatibleClassChangeError'{0x000000008b9d6528}: Found class java.lang.Object, but interface was expected> (0x000000008b9d6528) 
thrown [s\src\hotspot\share\interpreter\linkResolver.cpp, line 826]
Event: 159.184 Thread 0x0000021bf17d8d80 Exception <a 'sun/nio/fs/WindowsException'{0x000000008b1becc0}> (0x000000008b1becc0) 
thrown [s\src\hotspot\share\prims\jni.cpp, line 516]
Event: 159.184 Thread 0x0000021bf17d8d80 Exception <a 'sun/nio/fs/WindowsException'{0x000000008b1c0300}> (0x000000008b1c0300) 
thrown [s\src\hotspot\share\prims\jni.cpp, line 516]
Event: 159.185 Thread 0x0000021bf17d8d80 Exception <a 'sun/nio/fs/WindowsException'{0x000000008b1c1990}> (0x000000008b1c1990) 
thrown [s\src\hotspot\share\prims\jni.cpp, line 516]
Event: 159.185 Thread 0x0000021bf17d8d80 Exception <a 'sun/nio/fs/WindowsException'{0x000000008b1c3020}> (0x000000008b1c3020) 
thrown [s\src\hotspot\share\prims\jni.cpp, line 516]
Event: 160.751 Thread 0x0000021bf95b0890 Exception <a 'java/lang/NoSuchMethodError'{0x000000008b984928}: 'void java.lang.invoke.DirectMethodHandle$Holder.invokeStatic(java.lang.Object, java.lang.Object, java.lang.Object, java.lang.Object, int, java.lang.Object, java.lang.Object)'> (0x000000008b984928) 
thrown [s\src\hotspot\share\interpreter\linkResolver.cpp, line 759]
Event: 160.826 Thread 0x0000021bf95b0890 Exception <a 'java/lang/NoSuchMethodError'{0x000000008b7077c0}: 'java.lang.Object java.lang.invoke.DirectMethodHandle$Holder.invokeSpecialIFC(java.lang.Object, java.lang.Object, java.lang.Object)'> (0x000000008b7077c0) 
thrown [s\src\hotspot\share\interpreter\linkResolver.cpp, line 759]
Event: 164.086 Thread 0x0000021bf7e37940 Exception <a 'java/lang/NoSuchMethodError'{0x000000008eb547c8}: 'void java.lang.invoke.DirectMethodHandle$Holder.invokeVirtual(java.lang.Object, java.lang.Object)'> (0x000000008eb547c8) 
thrown [s\src\hotspot\share\interpreter\linkResolver.cpp, line 759]
Event: 167.706 Thread 0x0000021bf95afe70 Exception <a 'java/lang/ClassNotFoundException'{0x000000008c8a8f60}: groovy/util/FileTreeBuilderBeanInfo> (0x000000008c8a8f60) 
thrown [s\src\hotspot\share\classfile\systemDictionary.cpp, line 256]
Event: 167.713 Thread 0x0000021bf95afe70 Exception <a 'java/lang/ClassNotFoundException'{0x000000008c711300}: groovy/util/FileTreeBuilderCustomizer> (0x000000008c711300) 
thrown [s\src\hotspot\share\classfile\systemDictionary.cpp, line 256]
Event: 167.800 Thread 0x0000021bf95afe70 Exception <a 'java/lang/ClassNotFoundException'{0x000000008c758018}: java/io/BufferedWriterBeanInfo> (0x000000008c758018) 
thrown [s\src\hotspot\share\classfile\systemDictionary.cpp, line 256]
Event: 167.802 Thread 0x0000021bf95afe70 Exception <a 'java/lang/ClassNotFoundException'{0x000000008c75db80}: java/io/WriterBeanInfo> (0x000000008c75db80) 
thrown [s\src\hotspot\share\classfile\systemDictionary.cpp, line 256]
Event: 167.808 Thread 0x0000021bf95afe70 Exception <a 'java/lang/ClassNotFoundException'{0x000000008c763738}: java/io/WriterCustomizer> (0x000000008c763738) 
thrown [s\src\hotspot\share\classfile\systemDictionary.cpp, line 256]
Event: 167.809 Thread 0x0000021bf95afe70 Exception <a 'java/lang/ClassNotFoundException'{0x000000008c772b80}: java/io/BufferedWriterCustomizer> (0x000000008c772b80) 
thrown [s\src\hotspot\share\classfile\systemDictionary.cpp, line 256]
Event: 167.965 Thread 0x0000021bf95afe70 Exception <a 'java/lang/NoSuchMethodError'{0x000000008c60dd68}: static Lcom/android/build/api/variant/BuildConfigField;.<clinit>()V> (0x000000008c60dd68) 
thrown [s\src\hotspot\share\prims\jni.cpp, line 1107]

VM Operations (20 events):
Event: 167.001 Executing VM operation: Cleanup
Event: 167.001 Executing VM operation: Cleanup done
Event: 167.718 Executing VM operation: HandshakeAllThreads
Event: 167.718 Executing VM operation: HandshakeAllThreads done
Event: 167.722 Executing VM operation: HandshakeAllThreads
Event: 167.722 Executing VM operation: HandshakeAllThreads done
Event: 167.722 Executing VM operation: HandshakeAllThreads
Event: 167.722 Executing VM operation: HandshakeAllThreads done
Event: 167.760 Executing VM operation: ICBufferFull
Event: 167.780 Executing VM operation: ICBufferFull done
Event: 167.791 Executing VM operation: HandshakeAllThreads
Event: 167.792 Executing VM operation: HandshakeAllThreads done
Event: 167.843 Executing VM operation: HandshakeAllThreads
Event: 167.844 Executing VM operation: HandshakeAllThreads done
Event: 168.316 Executing VM operation: ICBufferFull
Event: 168.316 Executing VM operation: ICBufferFull done
Event: 168.706 Executing VM operation: G1CollectForAllocation
Event: 168.720 Executing VM operation: G1CollectForAllocation done
Event: 170.718 Executing VM operation: Cleanup
Event: 170.718 Executing VM operation: Cleanup done

Events (20 events):
Event: 167.870 Thread 0x0000021bf12f3eb0 flushing nmethod 0x0000021bdc1feb90
Event: 167.870 Thread 0x0000021bf12f3eb0 flushing nmethod 0x0000021bdc1ffb90
Event: 167.870 Thread 0x0000021bf12f3eb0 flushing nmethod 0x0000021bdc200790
Event: 167.870 Thread 0x0000021bf12f3eb0 flushing nmethod 0x0000021bdc208d90
Event: 167.870 Thread 0x0000021bf12f3eb0 flushing nmethod 0x0000021bdc20a910
Event: 167.870 Thread 0x0000021bf12f3eb0 flushing nmethod 0x0000021bdc20e390
Event: 167.871 Thread 0x0000021bf12f3eb0 flushing nmethod 0x0000021bdc228990
Event: 167.871 Thread 0x0000021bf12f3eb0 flushing nmethod 0x0000021bdc22c010
Event: 167.871 Thread 0x0000021bf12f3eb0 flushing nmethod 0x0000021bdc22fe10
Event: 167.871 Thread 0x0000021bf12f3eb0 flushing nmethod 0x0000021bdc26c390
Event: 167.871 Thread 0x0000021bf12f3eb0 flushing nmethod 0x0000021bdc2ca090
Event: 167.871 Thread 0x0000021bf12f3eb0 flushing nmethod 0x0000021bdc2fcb90
Event: 167.871 Thread 0x0000021bf12f3eb0 flushing nmethod 0x0000021bdc2fd810
Event: 167.871 Thread 0x0000021bf12f3eb0 flushing nmethod 0x0000021bdc308510
Event: 167.871 Thread 0x0000021bf12f3eb0 flushing nmethod 0x0000021bdc31da90
Event: 167.871 Thread 0x0000021bf12f3eb0 flushing nmethod 0x0000021bdc31ee10
Event: 167.871 Thread 0x0000021bf12f3eb0 flushing nmethod 0x0000021bdc320590
Event: 169.536 Thread 0x0000021bfb6a5700 Thread exited: 0x0000021bfb6a5700
Event: 169.905 Thread 0x0000021bfb6a9170 Thread added: 0x0000021bfb6a9170
Event: 170.083 Thread 0x0000021bfb6a9170 Thread exited: 0x0000021bfb6a9170


Dynamic libraries:
0x00007ff7d0260000 - 0x00007ff7d026e000 	C:\Program Files\Microsoft\jdk-17.0.8.7-hotspot\bin\java.exe
0x00007ffb87950000 - 0x00007ffb87b48000 	C:\WINDOWS\SYSTEM32\ntdll.dll
0x00007ffb86a90000 - 0x00007ffb86b4d000 	C:\WINDOWS\System32\KERNEL32.DLL
0x00007ffb850d0000 - 0x00007ffb853c6000 	C:\WINDOWS\System32\KERNELBASE.dll
0x00007ffb85580000 - 0x00007ffb85680000 	C:\WINDOWS\System32\ucrtbase.dll
0x00007ffb60990000 - 0x00007ffb609ab000 	C:\Program Files\Microsoft\jdk-17.0.8.7-hotspot\bin\VCRUNTIME140.dll
0x00007ffb6ce00000 - 0x00007ffb6ce17000 	C:\Program Files\Microsoft\jdk-17.0.8.7-hotspot\bin\jli.dll
0x00007ffb85e80000 - 0x00007ffb8601e000 	C:\WINDOWS\System32\USER32.dll
0x00007ffb842c0000 - 0x00007ffb8455a000 	C:\WINDOWS\WinSxS\amd64_microsoft.windows.common-controls_6595b64144ccf1df_6.0.19041.3636_none_60b6a03d71f818d5\COMCTL32.dll
0x00007ffb85710000 - 0x00007ffb85732000 	C:\WINDOWS\System32\win32u.dll
0x00007ffb86d60000 - 0x00007ffb86dfe000 	C:\WINDOWS\System32\msvcrt.dll
0x00007ffb86770000 - 0x00007ffb8679c000 	C:\WINDOWS\System32\GDI32.dll
0x00007ffb85740000 - 0x00007ffb8585a000 	C:\WINDOWS\System32\gdi32full.dll
0x00007ffb85030000 - 0x00007ffb850cd000 	C:\WINDOWS\System32\msvcp_win.dll
0x00007ffb859b0000 - 0x00007ffb859e0000 	C:\WINDOWS\System32\IMM32.DLL
0x00007ffb6c5d0000 - 0x00007ffb6c5dc000 	C:\Program Files\Microsoft\jdk-17.0.8.7-hotspot\bin\vcruntime140_1.dll
0x00007ffb2e730000 - 0x00007ffb2e7bd000 	C:\Program Files\Microsoft\jdk-17.0.8.7-hotspot\bin\msvcp140.dll
0x00007ffb0ec50000 - 0x00007ffb0f8b5000 	C:\Program Files\Microsoft\jdk-17.0.8.7-hotspot\bin\server\jvm.dll
0x00007ffb867a0000 - 0x00007ffb8684f000 	C:\WINDOWS\System32\ADVAPI32.dll
0x00007ffb869f0000 - 0x00007ffb86a8c000 	C:\WINDOWS\System32\sechost.dll
0x00007ffb86ee0000 - 0x00007ffb87006000 	C:\WINDOWS\System32\RPCRT4.dll
0x00007ffb84e90000 - 0x00007ffb84edb000 	C:\WINDOWS\SYSTEM32\POWRPROF.dll
0x00007ffb77f10000 - 0x00007ffb77f37000 	C:\WINDOWS\SYSTEM32\WINMM.dll
0x00007ffb713e0000 - 0x00007ffb713e9000 	C:\WINDOWS\SYSTEM32\WSOCK32.dll
0x00007ffb86650000 - 0x00007ffb866bb000 	C:\WINDOWS\System32\WS2_32.dll
0x00007ffb82100000 - 0x00007ffb8210a000 	C:\WINDOWS\SYSTEM32\VERSION.dll
0x00007ffb84e70000 - 0x00007ffb84e82000 	C:\WINDOWS\SYSTEM32\UMPDC.dll
0x00007ffb81fb0000 - 0x00007ffb81fc2000 	C:\WINDOWS\SYSTEM32\kernel.appcore.dll
0x00007ffb6a230000 - 0x00007ffb6a23a000 	C:\Program Files\Microsoft\jdk-17.0.8.7-hotspot\bin\jimage.dll
0x00007ffb847a0000 - 0x00007ffb84984000 	C:\WINDOWS\SYSTEM32\DBGHELP.DLL
0x00007ffb846c0000 - 0x00007ffb846f4000 	C:\WINDOWS\SYSTEM32\dbgcore.DLL
0x00007ffb85680000 - 0x00007ffb85702000 	C:\WINDOWS\System32\bcryptPrimitives.dll
0x00007ffb5fd00000 - 0x00007ffb5fd0e000 	C:\Program Files\Microsoft\jdk-17.0.8.7-hotspot\bin\instrument.dll
0x00007ffb60960000 - 0x00007ffb60985000 	C:\Program Files\Microsoft\jdk-17.0.8.7-hotspot\bin\java.dll
0x00007ffb2d9c0000 - 0x00007ffb2da97000 	C:\Program Files\Microsoft\jdk-17.0.8.7-hotspot\bin\jsvml.dll
0x00007ffb87100000 - 0x00007ffb87844000 	C:\WINDOWS\System32\SHELL32.dll
0x00007ffb822b0000 - 0x00007ffb82a4b000 	C:\WINDOWS\SYSTEM32\windows.storage.dll
0x00007ffb859e0000 - 0x00007ffb85d34000 	C:\WINDOWS\System32\combase.dll
0x00007ffb84250000 - 0x00007ffb8427d000 	C:\WINDOWS\SYSTEM32\Wldp.dll
0x00007ffb87850000 - 0x00007ffb878fd000 	C:\WINDOWS\System32\SHCORE.dll
0x00007ffb86990000 - 0x00007ffb869e5000 	C:\WINDOWS\System32\shlwapi.dll
0x00007ffb84f60000 - 0x00007ffb84f85000 	C:\WINDOWS\SYSTEM32\profapi.dll
0x00007ffb5fc10000 - 0x00007ffb5fc28000 	C:\Program Files\Microsoft\jdk-17.0.8.7-hotspot\bin\zip.dll
0x00007ffb5fd40000 - 0x00007ffb5fd59000 	C:\Program Files\Microsoft\jdk-17.0.8.7-hotspot\bin\net.dll
0x00007ffb7bbf0000 - 0x00007ffb7bcfa000 	C:\WINDOWS\SYSTEM32\WINHTTP.dll
0x00007ffb84000000 - 0x00007ffb8406a000 	C:\WINDOWS\system32\mswsock.dll
0x00007ffb5fc40000 - 0x00007ffb5fc56000 	C:\Program Files\Microsoft\jdk-17.0.8.7-hotspot\bin\nio.dll
0x00007ffb69f50000 - 0x00007ffb69f60000 	C:\Program Files\Microsoft\jdk-17.0.8.7-hotspot\bin\verify.dll
0x00007ffb429f0000 - 0x00007ffb42a17000 	C:\Users\sbast\.gradle\native\68d5fa5c4cc2d200863cafc0d521ce42e7d3e7ee720ec0a83991735586a16f82\windows-amd64\native-platform.dll
0x00007ffb144a0000 - 0x00007ffb145e4000 	C:\Users\sbast\.gradle\native\e376f236ea51e6404a007f0833ffe2c6e607c4080706a723a18a27aeea778392\windows-amd64\native-platform-file-events.dll
0x00007ffb617b0000 - 0x00007ffb617b9000 	C:\Program Files\Microsoft\jdk-17.0.8.7-hotspot\bin\management.dll
0x00007ffb610a0000 - 0x00007ffb610ab000 	C:\Program Files\Microsoft\jdk-17.0.8.7-hotspot\bin\management_ext.dll
0x00007ffb87010000 - 0x00007ffb87018000 	C:\WINDOWS\System32\PSAPI.DLL
0x00007ffb84d10000 - 0x00007ffb84d28000 	C:\WINDOWS\SYSTEM32\CRYPTSP.dll
0x00007ffb839c0000 - 0x00007ffb839f4000 	C:\WINDOWS\system32\rsaenh.dll
0x00007ffb858d0000 - 0x00007ffb858f7000 	C:\WINDOWS\System32\bcrypt.dll
0x00007ffb84f20000 - 0x00007ffb84f4e000 	C:\WINDOWS\SYSTEM32\USERENV.dll
0x00007ffb84240000 - 0x00007ffb8424c000 	C:\WINDOWS\SYSTEM32\CRYPTBASE.dll
0x00007ffb83d20000 - 0x00007ffb83d5b000 	C:\WINDOWS\SYSTEM32\IPHLPAPI.DLL
0x00007ffb87900000 - 0x00007ffb87908000 	C:\WINDOWS\System32\NSI.dll
0x00007ffb7daf0000 - 0x00007ffb7db07000 	C:\WINDOWS\SYSTEM32\dhcpcsvc6.DLL
0x00007ffb7d920000 - 0x00007ffb7d93d000 	C:\WINDOWS\SYSTEM32\dhcpcsvc.DLL
0x00007ffb83d60000 - 0x00007ffb83e2a000 	C:\WINDOWS\SYSTEM32\DNSAPI.dll
0x00007ffb5fc00000 - 0x00007ffb5fc0e000 	C:\Program Files\Microsoft\jdk-17.0.8.7-hotspot\bin\sunmscapi.dll
0x00007ffb853d0000 - 0x00007ffb8552d000 	C:\WINDOWS\System32\CRYPT32.dll
0x00007ffb84560000 - 0x00007ffb84587000 	C:\WINDOWS\SYSTEM32\ncrypt.dll
0x00007ffb84280000 - 0x00007ffb842bb000 	C:\WINDOWS\SYSTEM32\NTASN1.dll
0x00007ffb2e480000 - 0x00007ffb2e487000 	C:\WINDOWS\system32\wshunix.dll
0x00007ffb72540000 - 0x00007ffb72557000 	C:\WINDOWS\system32\napinsp.dll
0x00007ffb722d0000 - 0x00007ffb722eb000 	C:\WINDOWS\system32\pnrpnsp.dll
0x00007ffb71dc0000 - 0x00007ffb71dd5000 	C:\WINDOWS\system32\wshbth.dll
0x00007ffb7fbc0000 - 0x00007ffb7fbdd000 	C:\WINDOWS\system32\NLAapi.dll
0x00007ffb71870000 - 0x00007ffb71882000 	C:\WINDOWS\System32\winrnr.dll
0x00007ffb7b6c0000 - 0x00007ffb7b6ca000 	C:\Windows\System32\rasadhlp.dll
0x00007ffb78510000 - 0x00007ffb78590000 	C:\WINDOWS\System32\fwpuclnt.dll

dbghelp: loaded successfully - version: 4.0.5 - missing functions: none
symbol engine: initialized successfully - sym options: 0x614 - pdb path: .;C:\Program Files\Microsoft\jdk-17.0.8.7-hotspot\bin;C:\WINDOWS\SYSTEM32;C:\WINDOWS\WinSxS\amd64_microsoft.windows.common-controls_6595b64144ccf1df_6.0.19041.3636_none_60b6a03d71f818d5;C:\Program Files\Microsoft\jdk-17.0.8.7-hotspot\bin\server;C:\Users\sbast\.gradle\native\68d5fa5c4cc2d200863cafc0d521ce42e7d3e7ee720ec0a83991735586a16f82\windows-amd64;C:\Users\sbast\.gradle\native\e376f236ea51e6404a007f0833ffe2c6e607c4080706a723a18a27aeea778392\windows-amd64

VM Arguments:
jvm_args: -XX:MaxMetaspaceSize=512m --add-opens=java.base/java.util=ALL-UNNAMED --add-opens=java.base/java.lang=ALL-UNNAMED --add-opens=java.base/java.lang.invoke=ALL-UNNAMED --add-opens=java.prefs/java.util.prefs=ALL-UNNAMED --add-opens=java.base/java.nio.charset=ALL-UNNAMED --add-opens=java.base/java.net=ALL-UNNAMED --add-opens=java.base/java.util.concurrent.atomic=ALL-UNNAMED -Xmx2048m -Dfile.encoding=windows-1254 -Duser.country=TR -Duser.language=tr -Duser.variant -javaagent:C:\Users\sbast\.gradle\wrapper\dists\gradle-8.3-all\6en3ugtfdg5xnpx44z4qbwgas\gradle-8.3\lib\agents\gradle-instrumentation-agent-8.3.jar 
java_command: org.gradle.launcher.daemon.bootstrap.GradleDaemon 8.3
java_class_path (initial): C:\Users\sbast\.gradle\wrapper\dists\gradle-8.3-all\6en3ugtfdg5xnpx44z4qbwgas\gradle-8.3\lib\gradle-launcher-8.3.jar
Launcher Type: SUN_STANDARD

[Global flags]
     intx CICompilerCount                          = 3                                         {product} {ergonomic}
   size_t CompressedClassSpaceSize                 = 436207616                                 {product} {ergonomic}
     uint ConcGCThreads                            = 1                                         {product} {ergonomic}
     uint G1ConcRefinementThreads                  = 4                                         {product} {ergonomic}
   size_t G1HeapRegionSize                         = 1048576                                   {product} {ergonomic}
    uintx GCDrainStackTargetSize                   = 64                                        {product} {ergonomic}
   size_t InitialHeapSize                          = 117440512                                 {product} {ergonomic}
   size_t MarkStackSize                            = 4194304                                   {product} {ergonomic}
   size_t MaxHeapSize                              = 2147483648                                {product} {command line}
   size_t MaxMetaspaceSize                         = 536870912                                 {product} {command line}
   size_t MaxNewSize                               = 1287651328                                {product} {ergonomic}
   size_t MinHeapDeltaBytes                        = 1048576                                   {product} {ergonomic}
   size_t MinHeapSize                              = 8388608                                   {product} {ergonomic}
    uintx NonNMethodCodeHeapSize                   = 5832780                                {pd product} {ergonomic}
    uintx NonProfiledCodeHeapSize                  = 122912730                              {pd product} {ergonomic}
    uintx ProfiledCodeHeapSize                     = 122912730                              {pd product} {ergonomic}
    uintx ReservedCodeCacheSize                    = 251658240                              {pd product} {ergonomic}
     bool SegmentedCodeCache                       = true                                      {product} {ergonomic}
   size_t SoftMaxHeapSize                          = 2147483648                             {manageable} {ergonomic}
     bool UseCompressedClassPointers               = true                           {product lp64_product} {ergonomic}
     bool UseCompressedOops                        = true                           {product lp64_product} {ergonomic}
     bool UseG1GC                                  = true                                      {product} {ergonomic}
     bool UseLargePagesIndividualAllocation        = false                                  {pd product} {ergonomic}

Logging:
Log output configuration:
 #0: stdout all=warning uptime,level,tags
 #1: stderr all=off uptime,level,tags

Environment Variables:
JAVA_HOME=C:\Program Files\Microsoft\jdk-17.0.8.7-hotspot\
CLASSPATH=C:\Users\sbast\Desktop\reactNative\Tarifka\android\\gradle\wrapper\gradle-wrapper.jar
PATH=C:\Users\sbast\Desktop\reactNative\Tarifka\node_modules\.bin;C:\Users\sbast\Desktop\reactNative\Tarifka\node_modules\.bin;C:\Users\sbast\Desktop\reactNative\node_modules\.bin;C:\Users\sbast\Desktop\node_modules\.bin;C:\Users\sbast\node_modules\.bin;C:\Users\node_modules\.bin;C:\node_modules\.bin;C:\Program Files\nodejs\node_modules\npm\node_modules\@npmcli\run-script\lib\node-gyp-bin;C:\Users\sbast\AppData\Local\Temp\yarn--1702312100581-0.7416709901953202;C:\Users\sbast\Desktop\reactNative\Tarifka\node_modules\.bin;C:\Users\sbast\AppData\Local\Yarn\Data\link\node_modules\.bin;C:\Users\sbast\AppData\Local\Yarn\bin;C:\Program Files\libexec\lib\node_modules\npm\bin\node-gyp-bin;C:\Program Files\lib\node_modules\npm\bin\node-gyp-bin;C:\Program Files\nodejs\node_modules\npm\bin\node-gyp-bin;C:\Program Files\Common Files\Oracle\Java\javapath;C:\Program Files\Microsoft\jdk-17.0.8.7-hotspot\bin;C:\Program Files\Microsoft\jdk-11.0.20.8-hotspot\bin;C:\Program Files (x86)\Common Files\Oracle\Java\javapath;C:\Program Files\Microsoft\jdk-11.0.12.7-hotspot\bin;C:\WINDOWS\system32;C:\WINDOWS;C:\WINDOWS\System32\Wbem;C:\WINDOWS\System32\WindowsPowerShell\v1.0\;C:\WINDOWS\System32\OpenSSH\;C:\Program Files\Git\cmd;C:\ProgramData\chocolatey\bin;C:\Program Files\nodejs\;C:\Users\sbast\AppData\Local\Android\Sdk\platform-tools;C:\Program Files\Java\jdk-17\bin;C:\Program Files\Microsoft\jdk-17.0.8.7-hotspot\bin;C:\Users\sbast\AppData\Local\Programs\Python\Python312\Scripts\;C:\Users\sbast\AppData\Local\Programs\Python\Python312\;C:\src\flutter\bin;C:\Users\sbast\AppData\Local\Programs\Microsoft VS Code\bin;C:\Users\sbast\AppData\Local\GitHubDesktop\bin;C:\Users\sbast\AppData\Roaming\npm
USERNAME=Basturk
LANG=en_US.UTF-8
OS=Windows_NT
PROCESSOR_IDENTIFIER=AMD64 Family 21 Model 101 Stepping 1, AuthenticAMD
TMP=C:\Users\sbast\AppData\Local\Temp
TEMP=C:\Users\sbast\AppData\Local\Temp



---------------  S Y S T E M  ---------------

OS:
 Windows 10 , 64 bit Build 19041 (10.0.19041.3636)
OS uptime: 0 days 0:42 hours
Hyper-V role detected

CPU: total 4 (initial active 4) (4 cores per cpu, 1 threads per core) family 21 model 101 stepping 1 microcode 0x0, cx8, cmov, fxsr, mmx, 3dnowpref, sse, sse2, sse3, ssse3, sse4a, sse4.1, sse4.2, popcnt, lzcnt, tsc, tscinvbit, avx, avx2, aes, clmul, bmi1, bmi2, fma, vzeroupper, clflush, hv
Processor Information for all 4 processors :
  Max Mhz: 2400, Current Mhz: 2000, Mhz Limit: 1992

Memory: 4k page, system-wide physical 7135M (1247M free)
TotalPageFile size 11743M (AvailPageFile size 4323M)
current process WorkingSet (physical memory assigned to process): 524M, peak: 526M
current process commit charge ("private bytes"): 572M, peak: 576M

vm_info: OpenJDK 64-Bit Server VM (17.0.8+7-LTS) for windows-amd64 JRE (17.0.8+7-LTS), built on Jul  7 2023 17:21:55 by "MicrosoftCorporation" with MS VC++ 16.10 / 16.11 (VS2019)

END.
